#
# A fatal error has been detected by the Java Runtime Environment:
#
#  EXCEPTION_ACCESS_VIOLATION (0xc0000005) at pc=0x000000006529b87f, pid=25344, tid=11332
#
# JRE version: OpenJDK Runtime Environment (17.0.6) (build 17.0.6+0-b2043.56-9586694)
# Java VM: OpenJDK 64-Bit Server VM (17.0.6+0-b2043.56-9586694, mixed mode, tiered, compressed oops, compressed class ptrs, g1 gc, windows-amd64)
# Problematic frame:
# C  [libtesseract-4.dll+0x1b87f]
#
# No core dump will be written. Minidumps are not enabled by default on client versions of Windows
#
# If you would like to submit a bug report, please visit:
#   https://bugreport.java.com/bugreport/crash.jsp
# The crash happened outside the Java Virtual Machine in native code.
# See problematic frame for where to report the bug.
#

---------------  S U M M A R Y ------------

Command Line: -Djava.awt.headless=true -Dorg.gradle.internal.worker.tmpdir=C:\Users\akobe\dev\2023\9_mobile_observatory\android\app\build\tmp\testDebugUnitTest\work -Dorg.gradle.native=false -Xmx512m -Dfile.encoding=windows-1252 -Duser.country=AU -Duser.language=en -Duser.variant -ea worker.org.gradle.process.internal.worker.GradleWorkerMain 'Gradle Test Executor 6'

Host: 12th Gen Intel(R) Core(TM) i9-12900H, 20 cores, 31G,  Windows 11 , 64 bit Build 22621 (10.0.22621.3085)
Time: Mon Mar  4 11:55:25 2024 E. Australia Standard Time elapsed time: 3.745739 seconds (0d 0h 0m 3s)

---------------  T H R E A D  ---------------

Current thread (0x00000235d9b27d50):  JavaThread "SDK 33 Main Thread" [_thread_in_native, id=11332, stack(0x000000f43b800000,0x000000f43b900000)]

Stack: [0x000000f43b800000,0x000000f43b900000],  sp=0x000000f43b8fe180,  free space=1016k
Native frames: (J=compiled Java code, j=interpreted, Vv=VM code, C=native code)
C  [libtesseract-4.dll+0x1b87f]

Java frames: (J=compiled Java code, j=interpreted, Vv=VM code)
j  org.bytedeco.javacpp.tesseract$TessBaseAPI.GetUTF8Text()Lorg/bytedeco/javacpp/BytePointer;+0
j  com.adms.australianmobileadobservatory.OCRManager.searchForString(Ljava/util/List;Landroid/graphics/Bitmap;)Z+82
j  com.adms.australianmobileadobservatory.ContentInterpreterTest.testAll()V+127
v  ~StubRoutines::call_stub
J 4651  jdk.internal.reflect.NativeMethodAccessorImpl.invoke0(Ljava/lang/reflect/Method;Ljava/lang/Object;[Ljava/lang/Object;)Ljava/lang/Object; java.base@17.0.6 (0 bytes) @ 0x00000235cbe1729f [0x00000235cbe17220+0x000000000000007f]
J 4650 c1 jdk.internal.reflect.NativeMethodAccessorImpl.invoke(Ljava/lang/Object;[Ljava/lang/Object;)Ljava/lang/Object; java.base@17.0.6 (137 bytes) @ 0x00000235c47409ec [0x00000235c4740060+0x000000000000098c]
J 4601 c1 jdk.internal.reflect.DelegatingMethodAccessorImpl.invoke(Ljava/lang/Object;[Ljava/lang/Object;)Ljava/lang/Object; java.base@17.0.6 (10 bytes) @ 0x00000235c473d4bc [0x00000235c473d3c0+0x00000000000000fc]
J 4600 c1 java.lang.reflect.Method.invoke(Ljava/lang/Object;[Ljava/lang/Object;)Ljava/lang/Object; java.base@17.0.6 (65 bytes) @ 0x00000235c473dbac [0x00000235c473d880+0x000000000000032c]
j  org.junit.runners.model.FrameworkMethod$1.runReflectiveCall()Ljava/lang/Object;+15
j  org.junit.internal.runners.model.ReflectiveCallable.run()Ljava/lang/Object;+1
j  org.junit.runners.model.FrameworkMethod.invokeExplosively(Ljava/lang/Object;[Ljava/lang/Object;)Ljava/lang/Object;+10
j  org.junit.internal.runners.statements.InvokeMethod.evaluate()V+12
j  org.junit.runners.ParentRunner$3.evaluate()V+4
j  org.robolectric.RobolectricTestRunner$HelperTestRunner$1.evaluate()V+4
j  org.robolectric.internal.SandboxTestRunner$2.lambda$evaluate$2(Lorg/robolectric/internal/bytecode/Sandbox;Lorg/junit/runners/model/FrameworkMethod;Lorg/robolectric/util/PerfStatsCollector$Event;)V+161
j  org.robolectric.internal.SandboxTestRunner$2$$Lambda$114+0x000000010029e0c8.run()V+16
j  org.robolectric.internal.bytecode.Sandbox.lambda$runOnMainThread$0(Ljava/lang/Runnable;)Ljava/lang/Object;+1
j  org.robolectric.internal.bytecode.Sandbox$$Lambda$115+0x000000010029e310.call()Ljava/lang/Object;+4
j  java.util.concurrent.FutureTask.run()V+39 java.base@17.0.6
j  java.util.concurrent.ThreadPoolExecutor.runWorker(Ljava/util/concurrent/ThreadPoolExecutor$Worker;)V+92 java.base@17.0.6
j  java.util.concurrent.ThreadPoolExecutor$Worker.run()V+5 java.base@17.0.6
j  java.lang.Thread.run()V+11 java.base@17.0.6
v  ~StubRoutines::call_stub

siginfo: EXCEPTION_ACCESS_VIOLATION (0xc0000005), reading address 0x000000000000000c


Register to memory mapping:

RIP=0x000000006529b87f libtesseract-4.dll
RAX=0x0 is NULL
RBX=0x00000235e1d56fd0 points into unknown readable memory: 0x00000000654e4950 | 50 49 4e 65 00 00 00 00
RCX=0x00000235e1d78be8 points into unknown readable memory: 0x0000000000000000 | 00 00 00 00 00 00 00 00
RDX=0x0 is NULL
RSP=0x000000f43b8fe180 is pointing into the stack for thread: 0x00000235d9b27d50
RBP=0x0 is NULL
RSI=0x000000f43b8fe1f0 is pointing into the stack for thread: 0x00000235d9b27d50
RDI=0x00000235e536d590 points into unknown readable memory: 0x0000000000000000 | 00 00 00 00 00 00 00 00
R8 =0x0 is NULL
R9 =0x0 is NULL
R10=0xe0615e737764735e is an unknown value
R11=0x8101010101010100 is an unknown value
R12=0x0 is NULL
R13=0x00000235e1550aa8 is pointing into metadata
R14=0x0 is NULL
R15=0x00000235d9b27d50 is a thread


Registers:
RAX=0x0000000000000000, RBX=0x00000235e1d56fd0, RCX=0x00000235e1d78be8, RDX=0x0000000000000000
RSP=0x000000f43b8fe180, RBP=0x0000000000000000, RSI=0x000000f43b8fe1f0, RDI=0x00000235e536d590
R8 =0x0000000000000000, R9 =0x0000000000000000, R10=0xe0615e737764735e, R11=0x8101010101010100
R12=0x0000000000000000, R13=0x00000235e1550aa8, R14=0x0000000000000000, R15=0x00000235d9b27d50
RIP=0x000000006529b87f, EFLAGS=0x0000000000010246

Top of Stack: (sp=0x000000f43b8fe180)
0x000000f43b8fe180:   0000000000000000 0000000000000000
0x000000f43b8fe190:   0000000000000000 00000235e536cf90
0x000000f43b8fe1a0:   00000235e53a2d30 00000235e1d96730
0x000000f43b8fe1b0:   0000000000000001 000000f43b8fe200
0x000000f43b8fe1c0:   00000235e1dd2010 00000235e5372a00
0x000000f43b8fe1d0:   00000235e536cf90 000000006541c50a
0x000000f43b8fe1e0:   0000000000000001 0000000000000000
0x000000f43b8fe1f0:   00000235e536d590 0000000000000000
0x000000f43b8fe200:   0000000000000000 0000000000000000
0x000000f43b8fe210:   00000235e538c5c0 00000235e5372a00
0x000000f43b8fe220:   00000235e1d96730 00000235e1d980d0
0x000000f43b8fe230:   00000235e5372f70 00000235e1d96730
0x000000f43b8fe240:   00000235e536d598 00000235e1d96730
0x000000f43b8fe250:   00000235e1d96730 00000235e1d96730
0x000000f43b8fe260:   0000000000000000 00000235e1d96730
0x000000f43b8fe270:   00000235e1d96700 00000235e1d96758 

Instructions: (pc=0x000000006529b87f)
0x000000006529b77f:   89 44 24 20 e8 d8 89 ff ff 48 89 fa 48 89 d9 e8
0x000000006529b78f:   ed 8d ff ff 80 bb 32 1b 02 00 00 0f 85 7d 03 00
0x000000006529b79f:   00 48 89 fa 48 89 d9 e8 d5 77 ff ff e9 00 fe ff
0x000000006529b7af:   ff 48 8b 40 10 7e 2c 44 8b 08 45 85 c9 75 4a 48
0x000000006529b7bf:   83 c0 04 83 ea 01 48 8d 14 90 eb 12 0f 1f 44 00
0x000000006529b7cf:   00 48 83 c0 04 44 8b 40 fc 45 85 c0 75 2b 48 39
0x000000006529b7df:   c2 75 ee 48 85 c9 74 19 8b 41 10 8d 50 ff 83 fa
0x000000006529b7ef:   02 76 0e 83 e8 05 83 f8 03 77 0e 66 0f 1f 44 00
0x000000006529b7ff:   00 48 89 f1 e8 78 2f 18 00 45 31 c0 31 d2 48 89
0x000000006529b80f:   f1 e8 bb ee 17 00 48 8b 84 24 90 00 00 00 48 85
0x000000006529b81f:   c0 0f 84 ea fd ff ff 48 8b 94 24 a0 00 00 00 31
0x000000006529b82f:   c9 48 8b 52 08 48 85 d2 74 04 48 8b 4a 08 48 8b
0x000000006529b83f:   80 00 01 00 00 48 85 c0 74 b7 8b 50 34 83 fa 00
0x000000006529b84f:   74 af e9 5a ff ff ff 66 2e 0f 1f 84 00 00 00 00
0x000000006529b85f:   00 31 d2 48 89 f1 e8 56 f2 17 00 8b 83 c0 15 00
0x000000006529b86f:   00 85 c0 0f 8f a8 00 00 00 48 8b 83 68 0a 00 00
0x000000006529b87f:   80 78 0c 00 0f 85 87 02 00 00 8b 83 18 48 02 00
0x000000006529b88f:   85 c0 0f 8e 99 00 00 00 45 31 ff 45 31 ed eb 23
0x000000006529b89f:   90 48 8b 81 68 0a 00 00 80 78 0c 00 0f 85 c1 01
0x000000006529b8af:   00 00 41 83 c5 01 49 83 c7 08 44 3b ab 18 48 02
0x000000006529b8bf:   00 7d 6e 48 8b 83 20 48 02 00 4a 8b 0c 38 8b 81
0x000000006529b8cf:   c0 15 00 00 85 c0 7e c9 e8 14 0c 0f 00 eb d3 66
0x000000006529b8df:   90 80 bb 92 30 02 00 00 0f 85 e2 fc ff ff 8b 93
0x000000006529b8ef:   24 1d 02 00 49 89 f8 4c 89 e9 e8 92 7f 0b 00 31
0x000000006529b8ff:   d2 48 89 f1 e8 b8 f1 17 00 48 8b 84 24 90 00 00
0x000000006529b90f:   00 48 85 c0 0f 85 0d ff ff ff e9 02 fd ff ff 66
0x000000006529b91f:   90 48 89 d9 e8 c8 0b 0f 00 e9 5c ff ff ff 0f 1f
0x000000006529b92f:   00 4c 8d 6c 24 50 ba 04 00 00 00 4c 89 e9 e8 ae
0x000000006529b93f:   ac 1c 00 4c 8b 8c 24 e0 01 00 00 4c 89 6c 24 28
0x000000006529b94f:   4d 89 f0 48 89 7c 24 20 ba 01 00 00 00 48 89 d9
0x000000006529b95f:   e8 cc f5 ff ff 8b 83 d4 38 02 00 85 c0 74 0b 4c
0x000000006529b96f:   89 ea 48 89 d9 e8 87 b8 03 00 8b 44 24 50 c7 83 


Stack slot to memory mapping:
stack at sp + 0 slots: 0x0 is NULL
stack at sp + 1 slots: 0x0 is NULL
stack at sp + 2 slots: 0x0 is NULL
stack at sp + 3 slots: 0x00000235e536cf90 points into unknown readable memory: 0x00000235e5372a00 | 00 2a 37 e5 35 02 00 00
stack at sp + 4 slots: 0x00000235e53a2d30 points into unknown readable memory: 0x00000235e5366dc0 | c0 6d 36 e5 35 02 00 00
stack at sp + 5 slots: 0x00000235e1d96730 points into unknown readable memory: 0x00000235e1d96730 | 30 67 d9 e1 35 02 00 00
stack at sp + 6 slots: 0x0000000000000001 is an unknown value
stack at sp + 7 slots: 0x000000f43b8fe200 is pointing into the stack for thread: 0x00000235d9b27d50


---------------  P R O C E S S  ---------------

Threads class SMR info:
_java_thread_list=0x00000235dcbb9410, length=22, elements={
0x00000235c0aad570, 0x00000235d7fe2a80, 0x00000235d7fe3800, 0x00000235d800aa20,
0x00000235d800b7a0, 0x00000235d800f180, 0x00000235d800fa40, 0x00000235d8011a40,
0x00000235d8012340, 0x00000235d8026020, 0x00000235d82cf170, 0x00000235d82d3690,
0x00000235d8c20090, 0x00000235d8c207e0, 0x00000235d829b480, 0x00000235d9b26540,
0x00000235d9b27880, 0x00000235d9b26a10, 0x00000235d9b27d50, 0x00000235d9b26ee0,
0x00000235d9b29090, 0x00000235d9b273b0
}

Java Threads: ( => current thread )
  0x00000235c0aad570 JavaThread "Test worker" [_thread_blocked, id=16348, stack(0x000000f438800000,0x000000f438900000)]
  0x00000235d7fe2a80 JavaThread "Reference Handler" daemon [_thread_blocked, id=11980, stack(0x000000f438f00000,0x000000f439000000)]
  0x00000235d7fe3800 JavaThread "Finalizer" daemon [_thread_blocked, id=33488, stack(0x000000f439000000,0x000000f439100000)]
  0x00000235d800aa20 JavaThread "Signal Dispatcher" daemon [_thread_blocked, id=10888, stack(0x000000f439100000,0x000000f439200000)]
  0x00000235d800b7a0 JavaThread "Attach Listener" daemon [_thread_blocked, id=32904, stack(0x000000f439200000,0x000000f439300000)]
  0x00000235d800f180 JavaThread "Service Thread" daemon [_thread_blocked, id=30668, stack(0x000000f439300000,0x000000f439400000)]
  0x00000235d800fa40 JavaThread "Monitor Deflation Thread" daemon [_thread_blocked, id=20760, stack(0x000000f439400000,0x000000f439500000)]
  0x00000235d8011a40 JavaThread "C2 CompilerThread0" daemon [_thread_blocked, id=3064, stack(0x000000f439500000,0x000000f439600000)]
  0x00000235d8012340 JavaThread "C1 CompilerThread0" daemon [_thread_blocked, id=18048, stack(0x000000f439600000,0x000000f439700000)]
  0x00000235d8026020 JavaThread "Sweeper thread" daemon [_thread_blocked, id=33484, stack(0x000000f439700000,0x000000f439800000)]
  0x00000235d82cf170 JavaThread "C1 CompilerThread1" daemon [_thread_blocked, id=20704, stack(0x000000f439800000,0x000000f439900000)]
  0x00000235d82d3690 JavaThread "C1 CompilerThread2" daemon [_thread_blocked, id=28640, stack(0x000000f439900000,0x000000f439a00000)]
  0x00000235d8c20090 JavaThread "C1 CompilerThread3" daemon [_thread_blocked, id=20068, stack(0x000000f439a00000,0x000000f439b00000)]
  0x00000235d8c207e0 JavaThread "Notification Thread" daemon [_thread_blocked, id=24860, stack(0x000000f439b00000,0x000000f439c00000)]
  0x00000235d829b480 JavaThread "Common-Cleaner" daemon [_thread_blocked, id=19508, stack(0x000000f439d00000,0x000000f439e00000)]
  0x00000235d9b26540 JavaThread "/127.0.0.1:54770 to /127.0.0.1:54769 workers" [_thread_blocked, id=26044, stack(0x000000f43a000000,0x000000f43a100000)]
  0x00000235d9b27880 JavaThread "/127.0.0.1:54770 to /127.0.0.1:54769 workers Thread 2" [_thread_blocked, id=2996, stack(0x000000f43b100000,0x000000f43b200000)]
  0x00000235d9b26a10 JavaThread "/127.0.0.1:54770 to /127.0.0.1:54769 workers Thread 3" [_thread_in_native, id=23144, stack(0x000000f43b200000,0x000000f43b300000)]
=>0x00000235d9b27d50 JavaThread "SDK 33 Main Thread" [_thread_in_native, id=11332, stack(0x000000f43b800000,0x000000f43b900000)]
  0x00000235d9b26ee0 JavaThread "Java2D Disposer" daemon [_thread_blocked, id=27884, stack(0x000000f43b000000,0x000000f43b100000)]
  0x00000235d9b29090 JavaThread "AWT-Windows" daemon [_thread_in_native, id=28140, stack(0x000000f43bb00000,0x000000f43bc00000)]
  0x00000235d9b273b0 JavaThread "JavaCPP Deallocator" daemon [_thread_blocked, id=8760, stack(0x000000f43bc00000,0x000000f43bd00000)]

Other Threads:
  0x00000235d7eeec00 VMThread "VM Thread" [stack: 0x000000f438e00000,0x000000f438f00000] [id=12596]
  0x00000235c0b1d640 WatcherThread [stack: 0x000000f439c00000,0x000000f439d00000] [id=19632]
  0x00000235c0adb610 GCTaskThread "GC Thread#0" [stack: 0x000000f438900000,0x000000f438a00000] [id=17060]
  0x00000235d9af50a0 GCTaskThread "GC Thread#1" [stack: 0x000000f43a200000,0x000000f43a300000] [id=30028]
  0x00000235d9c46e80 GCTaskThread "GC Thread#2" [stack: 0x000000f43a300000,0x000000f43a400000] [id=4104]
  0x00000235d9c47130 GCTaskThread "GC Thread#3" [stack: 0x000000f43a400000,0x000000f43a500000] [id=31764]
  0x00000235d981c2c0 GCTaskThread "GC Thread#4" [stack: 0x000000f43a500000,0x000000f43a600000] [id=8376]
  0x00000235d9b49c60 GCTaskThread "GC Thread#5" [stack: 0x000000f43a600000,0x000000f43a700000] [id=424]
  0x00000235d9b49f10 GCTaskThread "GC Thread#6" [stack: 0x000000f43a700000,0x000000f43a800000] [id=33448]
  0x00000235d9b4a1c0 GCTaskThread "GC Thread#7" [stack: 0x000000f43a800000,0x000000f43a900000] [id=25188]
  0x00000235d9b4a470 GCTaskThread "GC Thread#8" [stack: 0x000000f43a900000,0x000000f43aa00000] [id=18964]
  0x00000235d9b4a720 GCTaskThread "GC Thread#9" [stack: 0x000000f43aa00000,0x000000f43ab00000] [id=31740]
  0x00000235d98ece40 GCTaskThread "GC Thread#10" [stack: 0x000000f43ab00000,0x000000f43ac00000] [id=24200]
  0x00000235d98ee110 GCTaskThread "GC Thread#11" [stack: 0x000000f43ac00000,0x000000f43ad00000] [id=34208]
  0x00000235da3c4420 GCTaskThread "GC Thread#12" [stack: 0x000000f43b300000,0x000000f43b400000] [id=2076]
  0x00000235da3c2bf0 GCTaskThread "GC Thread#13" [stack: 0x000000f43b400000,0x000000f43b500000] [id=5276]
  0x00000235dd026a80 GCTaskThread "GC Thread#14" [stack: 0x000000f43b900000,0x000000f43ba00000] [id=31424]
  0x00000235c0ae1470 ConcurrentGCThread "G1 Main Marker" [stack: 0x000000f438a00000,0x000000f438b00000] [id=16764]
  0x00000235c0ae1d90 ConcurrentGCThread "G1 Conc#0" [stack: 0x000000f438b00000,0x000000f438c00000] [id=26812]
  0x00000235da3c3c10 ConcurrentGCThread "G1 Conc#1" [stack: 0x000000f43b500000,0x000000f43b600000] [id=19300]
  0x00000235da3c4170 ConcurrentGCThread "G1 Conc#2" [stack: 0x000000f43b600000,0x000000f43b700000] [id=34600]
  0x00000235da3c3400 ConcurrentGCThread "G1 Conc#3" [stack: 0x000000f43b700000,0x000000f43b800000] [id=25860]
  0x00000235c0b4e440 ConcurrentGCThread "G1 Refine#0" [stack: 0x000000f438c00000,0x000000f438d00000] [id=34488]
  0x00000235d9b57460 ConcurrentGCThread "G1 Refine#1" [stack: 0x000000f43ad00000,0x000000f43ae00000] [id=16900]
  0x00000235d7e1c260 ConcurrentGCThread "G1 Service" [stack: 0x000000f438d00000,0x000000f438e00000] [id=28668]

Threads with active compile tasks:

VM state: not at safepoint (normal execution)

VM Mutex/Monitor currently owned by a thread: None

Heap address: 0x00000000e0000000, size: 512 MB, Compressed Oops mode: 32-bit

CDS archive(s) not mapped
Compressed class space mapped at: 0x0000000100000000-0x0000000140000000, reserved size: 1073741824
Narrow klass base: 0x0000000000000000, Narrow klass shift: 3, Narrow klass range: 0x140000000

GC Precious Log:
 CPUs: 20 total, 20 available
 Memory: 32472M
 Large Page Support: Disabled
 NUMA Support: Disabled
 Compressed Oops: Enabled (32-bit)
 Heap Region Size: 1M
 Heap Min Capacity: 8M
 Heap Initial Capacity: 508M
 Heap Max Capacity: 512M
 Pre-touch: Disabled
 Parallel Workers: 15
 Concurrent Workers: 4
 Concurrent Refinement Workers: 15
 Periodic GC: Disabled

Heap:
 garbage-first heap   total 336896K, used 254348K [0x00000000e0000000, 0x0000000100000000)
  region size 1024K, 27 young (27648K), 1 survivors (1024K)
 Metaspace       used 57227K, committed 59904K, reserved 1105920K
  class space    used 5725K, committed 6912K, reserved 1048576K

Heap Regions: E=young(eden), S=young(survivor), O=old, HS=humongous(starts), HC=humongous(continues), CS=collection set, F=free, OA=open archive, CA=closed archive, TAMS=top-at-mark-start (previous, next)
|   0|0x00000000e0000000, 0x00000000e0100000, 0x00000000e0100000|100%|HS|  |TAMS 0x00000000e0100000, 0x00000000e0000000| Complete 
|   1|0x00000000e0100000, 0x00000000e0200000, 0x00000000e0200000|100%|HS|  |TAMS 0x00000000e0200000, 0x00000000e0100000| Complete 
|   2|0x00000000e0200000, 0x00000000e0300000, 0x00000000e0300000|100%| O|  |TAMS 0x00000000e0300000, 0x00000000e0200000| Untracked 
|   3|0x00000000e0300000, 0x00000000e0400000, 0x00000000e0400000|100%| O|  |TAMS 0x00000000e0400000, 0x00000000e0300000| Untracked 
|   4|0x00000000e0400000, 0x00000000e0500000, 0x00000000e0500000|100%| O|  |TAMS 0x00000000e0500000, 0x00000000e0400000| Untracked 
|   5|0x00000000e0500000, 0x00000000e0600000, 0x00000000e0600000|100%| O|  |TAMS 0x00000000e0600000, 0x00000000e0500000| Untracked 
|   6|0x00000000e0600000, 0x00000000e0700000, 0x00000000e0700000|100%| O|  |TAMS 0x00000000e0700000, 0x00000000e0600000| Untracked 
|   7|0x00000000e0700000, 0x00000000e0800000, 0x00000000e0800000|100%| O|  |TAMS 0x00000000e0800000, 0x00000000e0700000| Untracked 
|   8|0x00000000e0800000, 0x00000000e0900000, 0x00000000e0900000|100%| O|  |TAMS 0x00000000e0900000, 0x00000000e0800000| Untracked 
|   9|0x00000000e0900000, 0x00000000e0a00000, 0x00000000e0a00000|100%| O|  |TAMS 0x00000000e0a00000, 0x00000000e0900000| Untracked 
|  10|0x00000000e0a00000, 0x00000000e0b00000, 0x00000000e0b00000|100%| O|  |TAMS 0x00000000e0b00000, 0x00000000e0a00000| Untracked 
|  11|0x00000000e0b00000, 0x00000000e0c00000, 0x00000000e0c00000|100%|HS|  |TAMS 0x00000000e0c00000, 0x00000000e0b00000| Complete 
|  12|0x00000000e0c00000, 0x00000000e0d00000, 0x00000000e0d00000|100%|HC|  |TAMS 0x00000000e0d00000, 0x00000000e0c00000| Complete 
|  13|0x00000000e0d00000, 0x00000000e0e00000, 0x00000000e0e00000|100%|HC|  |TAMS 0x00000000e0e00000, 0x00000000e0d00000| Complete 
|  14|0x00000000e0e00000, 0x00000000e0f00000, 0x00000000e0f00000|100%|HC|  |TAMS 0x00000000e0f00000, 0x00000000e0e00000| Complete 
|  15|0x00000000e0f00000, 0x00000000e1000000, 0x00000000e1000000|100%|HC|  |TAMS 0x00000000e1000000, 0x00000000e0f00000| Complete 
|  16|0x00000000e1000000, 0x00000000e1100000, 0x00000000e1100000|100%|HC|  |TAMS 0x00000000e1100000, 0x00000000e1000000| Complete 
|  17|0x00000000e1100000, 0x00000000e1200000, 0x00000000e1200000|100%|HC|  |TAMS 0x00000000e1200000, 0x00000000e1100000| Complete 
|  18|0x00000000e1200000, 0x00000000e1300000, 0x00000000e1300000|100%| O|  |TAMS 0x00000000e1300000, 0x00000000e1200000| Untracked 
|  19|0x00000000e1300000, 0x00000000e1400000, 0x00000000e1400000|100%| O|  |TAMS 0x00000000e1400000, 0x00000000e1300000| Untracked 
|  20|0x00000000e1400000, 0x00000000e1500000, 0x00000000e1500000|100%| O|  |TAMS 0x00000000e1500000, 0x00000000e1400000| Untracked 
|  21|0x00000000e1500000, 0x00000000e1600000, 0x00000000e1600000|100%| O|  |TAMS 0x00000000e1600000, 0x00000000e1500000| Untracked 
|  22|0x00000000e1600000, 0x00000000e1700000, 0x00000000e1700000|100%| O|  |TAMS 0x00000000e1700000, 0x00000000e1600000| Untracked 
|  23|0x00000000e1700000, 0x00000000e1800000, 0x00000000e1800000|100%| O|  |TAMS 0x00000000e1800000, 0x00000000e1700000| Untracked 
|  24|0x00000000e1800000, 0x00000000e1900000, 0x00000000e1900000|100%| O|  |TAMS 0x00000000e1900000, 0x00000000e1800000| Untracked 
|  25|0x00000000e1900000, 0x00000000e1a00000, 0x00000000e1a00000|100%| O|  |TAMS 0x00000000e1a00000, 0x00000000e1900000| Untracked 
|  26|0x00000000e1a00000, 0x00000000e1b00000, 0x00000000e1b00000|100%| O|  |TAMS 0x00000000e1b00000, 0x00000000e1a00000| Untracked 
|  27|0x00000000e1b00000, 0x00000000e1c00000, 0x00000000e1c00000|100%| O|  |TAMS 0x00000000e1c00000, 0x00000000e1b00000| Untracked 
|  28|0x00000000e1c00000, 0x00000000e1d00000, 0x00000000e1d00000|100%| O|  |TAMS 0x00000000e1d00000, 0x00000000e1c00000| Untracked 
|  29|0x00000000e1d00000, 0x00000000e1e00000, 0x00000000e1e00000|100%| O|  |TAMS 0x00000000e1e00000, 0x00000000e1d00000| Untracked 
|  30|0x00000000e1e00000, 0x00000000e1f00000, 0x00000000e1f00000|100%| O|  |TAMS 0x00000000e1f00000, 0x00000000e1e00000| Untracked 
|  31|0x00000000e1f00000, 0x00000000e2000000, 0x00000000e2000000|100%| O|  |TAMS 0x00000000e2000000, 0x00000000e1f00000| Untracked 
|  32|0x00000000e2000000, 0x00000000e2100000, 0x00000000e2100000|100%| O|  |TAMS 0x00000000e2100000, 0x00000000e2000000| Untracked 
|  33|0x00000000e2100000, 0x00000000e2200000, 0x00000000e2200000|100%| O|  |TAMS 0x00000000e2200000, 0x00000000e2100000| Untracked 
|  34|0x00000000e2200000, 0x00000000e2300000, 0x00000000e2300000|100%| O|  |TAMS 0x00000000e2300000, 0x00000000e2200000| Untracked 
|  35|0x00000000e2300000, 0x00000000e2400000, 0x00000000e2400000|100%| O|  |TAMS 0x00000000e2400000, 0x00000000e2300000| Untracked 
|  36|0x00000000e2400000, 0x00000000e2500000, 0x00000000e2500000|100%| O|  |TAMS 0x00000000e2500000, 0x00000000e2400000| Untracked 
|  37|0x00000000e2500000, 0x00000000e2600000, 0x00000000e2600000|100%| O|  |TAMS 0x00000000e2600000, 0x00000000e2500000| Untracked 
|  38|0x00000000e2600000, 0x00000000e2700000, 0x00000000e2700000|100%| O|  |TAMS 0x00000000e2700000, 0x00000000e2600000| Untracked 
|  39|0x00000000e2700000, 0x00000000e2800000, 0x00000000e2800000|100%| O|  |TAMS 0x00000000e2800000, 0x00000000e2700000| Untracked 
|  40|0x00000000e2800000, 0x00000000e2900000, 0x00000000e2900000|100%|HS|  |TAMS 0x00000000e2900000, 0x00000000e2800000| Complete 
|  41|0x00000000e2900000, 0x00000000e2a00000, 0x00000000e2a00000|100%|HC|  |TAMS 0x00000000e2a00000, 0x00000000e2900000| Complete 
|  42|0x00000000e2a00000, 0x00000000e2b00000, 0x00000000e2b00000|100%|HC|  |TAMS 0x00000000e2b00000, 0x00000000e2a00000| Complete 
|  43|0x00000000e2b00000, 0x00000000e2c00000, 0x00000000e2c00000|100%|HC|  |TAMS 0x00000000e2c00000, 0x00000000e2b00000| Complete 
|  44|0x00000000e2c00000, 0x00000000e2d00000, 0x00000000e2d00000|100%|HC|  |TAMS 0x00000000e2d00000, 0x00000000e2c00000| Complete 
|  45|0x00000000e2d00000, 0x00000000e2e00000, 0x00000000e2e00000|100%|HC|  |TAMS 0x00000000e2e00000, 0x00000000e2d00000| Complete 
|  46|0x00000000e2e00000, 0x00000000e2f00000, 0x00000000e2f00000|100%|HC|  |TAMS 0x00000000e2f00000, 0x00000000e2e00000| Complete 
|  47|0x00000000e2f00000, 0x00000000e3000000, 0x00000000e3000000|100%|HC|  |TAMS 0x00000000e3000000, 0x00000000e2f00000| Complete 
|  48|0x00000000e3000000, 0x00000000e3100000, 0x00000000e3100000|100%|HC|  |TAMS 0x00000000e3100000, 0x00000000e3000000| Complete 
|  49|0x00000000e3100000, 0x00000000e3200000, 0x00000000e3200000|100%|HC|  |TAMS 0x00000000e3200000, 0x00000000e3100000| Complete 
|  50|0x00000000e3200000, 0x00000000e3300000, 0x00000000e3300000|100%|HC|  |TAMS 0x00000000e3300000, 0x00000000e3200000| Complete 
|  51|0x00000000e3300000, 0x00000000e3400000, 0x00000000e3400000|100%|HC|  |TAMS 0x00000000e3400000, 0x00000000e3300000| Complete 
|  52|0x00000000e3400000, 0x00000000e3500000, 0x00000000e3500000|100%|HC|  |TAMS 0x00000000e3500000, 0x00000000e3400000| Complete 
|  53|0x00000000e3500000, 0x00000000e3600000, 0x00000000e3600000|100%|HC|  |TAMS 0x00000000e3600000, 0x00000000e3500000| Complete 
|  54|0x00000000e3600000, 0x00000000e3700000, 0x00000000e3700000|100%|HC|  |TAMS 0x00000000e3700000, 0x00000000e3600000| Complete 
|  55|0x00000000e3700000, 0x00000000e3800000, 0x00000000e3800000|100%|HC|  |TAMS 0x00000000e3800000, 0x00000000e3700000| Complete 
|  56|0x00000000e3800000, 0x00000000e3900000, 0x00000000e3900000|100%|HC|  |TAMS 0x00000000e3900000, 0x00000000e3800000| Complete 
|  57|0x00000000e3900000, 0x00000000e3a00000, 0x00000000e3a00000|100%|HC|  |TAMS 0x00000000e3a00000, 0x00000000e3900000| Complete 
|  58|0x00000000e3a00000, 0x00000000e3b00000, 0x00000000e3b00000|100%|HC|  |TAMS 0x00000000e3b00000, 0x00000000e3a00000| Complete 
|  59|0x00000000e3b00000, 0x00000000e3c00000, 0x00000000e3c00000|100%|HC|  |TAMS 0x00000000e3c00000, 0x00000000e3b00000| Complete 
|  60|0x00000000e3c00000, 0x00000000e3d00000, 0x00000000e3d00000|100%|HC|  |TAMS 0x00000000e3d00000, 0x00000000e3c00000| Complete 
|  61|0x00000000e3d00000, 0x00000000e3e00000, 0x00000000e3e00000|100%|HC|  |TAMS 0x00000000e3e00000, 0x00000000e3d00000| Complete 
|  62|0x00000000e3e00000, 0x00000000e3f00000, 0x00000000e3f00000|100%|HC|  |TAMS 0x00000000e3f00000, 0x00000000e3e00000| Complete 
|  63|0x00000000e3f00000, 0x00000000e4000000, 0x00000000e4000000|100%|HC|  |TAMS 0x00000000e4000000, 0x00000000e3f00000| Complete 
|  64|0x00000000e4000000, 0x00000000e4100000, 0x00000000e4100000|100%|HC|  |TAMS 0x00000000e4100000, 0x00000000e4000000| Complete 
|  65|0x00000000e4100000, 0x00000000e4200000, 0x00000000e4200000|100%|HC|  |TAMS 0x00000000e4200000, 0x00000000e4100000| Complete 
|  66|0x00000000e4200000, 0x00000000e4300000, 0x00000000e4300000|100%|HC|  |TAMS 0x00000000e4300000, 0x00000000e4200000| Complete 
|  67|0x00000000e4300000, 0x00000000e4400000, 0x00000000e4400000|100%|HC|  |TAMS 0x00000000e4400000, 0x00000000e4300000| Complete 
|  68|0x00000000e4400000, 0x00000000e4500000, 0x00000000e4500000|100%|HC|  |TAMS 0x00000000e4500000, 0x00000000e4400000| Complete 
|  69|0x00000000e4500000, 0x00000000e4600000, 0x00000000e4600000|100%|HC|  |TAMS 0x00000000e4600000, 0x00000000e4500000| Complete 
|  70|0x00000000e4600000, 0x00000000e4700000, 0x00000000e4700000|100%|HC|  |TAMS 0x00000000e4700000, 0x00000000e4600000| Complete 
|  71|0x00000000e4700000, 0x00000000e4800000, 0x00000000e4800000|100%|HC|  |TAMS 0x00000000e4800000, 0x00000000e4700000| Complete 
|  72|0x00000000e4800000, 0x00000000e4900000, 0x00000000e4900000|100%|HC|  |TAMS 0x00000000e4900000, 0x00000000e4800000| Complete 
|  73|0x00000000e4900000, 0x00000000e4a00000, 0x00000000e4a00000|100%|HC|  |TAMS 0x00000000e4a00000, 0x00000000e4900000| Complete 
|  74|0x00000000e4a00000, 0x00000000e4b00000, 0x00000000e4b00000|100%|HC|  |TAMS 0x00000000e4b00000, 0x00000000e4a00000| Complete 
|  75|0x00000000e4b00000, 0x00000000e4c00000, 0x00000000e4c00000|100%|HC|  |TAMS 0x00000000e4c00000, 0x00000000e4b00000| Complete 
|  76|0x00000000e4c00000, 0x00000000e4d00000, 0x00000000e4d00000|100%|HC|  |TAMS 0x00000000e4d00000, 0x00000000e4c00000| Complete 
|  77|0x00000000e4d00000, 0x00000000e4e00000, 0x00000000e4e00000|100%|HC|  |TAMS 0x00000000e4e00000, 0x00000000e4d00000| Complete 
|  78|0x00000000e4e00000, 0x00000000e4f00000, 0x00000000e4f00000|100%|HC|  |TAMS 0x00000000e4f00000, 0x00000000e4e00000| Complete 
|  79|0x00000000e4f00000, 0x00000000e5000000, 0x00000000e5000000|100%| O|  |TAMS 0x00000000e5000000, 0x00000000e4f00000| Untracked 
|  80|0x00000000e5000000, 0x00000000e5100000, 0x00000000e5100000|100%| O|  |TAMS 0x00000000e5100000, 0x00000000e5000000| Untracked 
|  81|0x00000000e5100000, 0x00000000e5200000, 0x00000000e5200000|100%| O|  |TAMS 0x00000000e5200000, 0x00000000e5100000| Untracked 
|  82|0x00000000e5200000, 0x00000000e5300000, 0x00000000e5300000|100%| O|  |TAMS 0x00000000e5300000, 0x00000000e5200000| Untracked 
|  83|0x00000000e5300000, 0x00000000e538d000, 0x00000000e5400000| 55%| O|  |TAMS 0x00000000e5300000, 0x00000000e5300000| Untracked 
|  84|0x00000000e5400000, 0x00000000e5400000, 0x00000000e5500000|  0%| F|  |TAMS 0x00000000e5400000, 0x00000000e5400000| Untracked 
|  85|0x00000000e5500000, 0x00000000e5600000, 0x00000000e5600000|100%|HS|  |TAMS 0x00000000e5600000, 0x00000000e5500000| Complete 
|  86|0x00000000e5600000, 0x00000000e5700000, 0x00000000e5700000|100%|HC|  |TAMS 0x00000000e5700000, 0x00000000e5600000| Complete 
|  87|0x00000000e5700000, 0x00000000e5700000, 0x00000000e5800000|  0%| F|  |TAMS 0x00000000e5700000, 0x00000000e5700000| Untracked 
|  88|0x00000000e5800000, 0x00000000e5800000, 0x00000000e5900000|  0%| F|  |TAMS 0x00000000e5800000, 0x00000000e5800000| Untracked 
|  89|0x00000000e5900000, 0x00000000e5900000, 0x00000000e5a00000|  0%| F|  |TAMS 0x00000000e5900000, 0x00000000e5900000| Untracked 
|  90|0x00000000e5a00000, 0x00000000e5a00000, 0x00000000e5b00000|  0%| F|  |TAMS 0x00000000e5a00000, 0x00000000e5a00000| Untracked 
|  91|0x00000000e5b00000, 0x00000000e5c00000, 0x00000000e5c00000|100%|HS|  |TAMS 0x00000000e5c00000, 0x00000000e5b00000| Complete 
|  92|0x00000000e5c00000, 0x00000000e5d00000, 0x00000000e5d00000|100%|HC|  |TAMS 0x00000000e5d00000, 0x00000000e5c00000| Complete 
|  93|0x00000000e5d00000, 0x00000000e5e00000, 0x00000000e5e00000|100%|HC|  |TAMS 0x00000000e5e00000, 0x00000000e5d00000| Complete 
|  94|0x00000000e5e00000, 0x00000000e5f00000, 0x00000000e5f00000|100%|HC|  |TAMS 0x00000000e5f00000, 0x00000000e5e00000| Complete 
|  95|0x00000000e5f00000, 0x00000000e6000000, 0x00000000e6000000|100%|HC|  |TAMS 0x00000000e6000000, 0x00000000e5f00000| Complete 
|  96|0x00000000e6000000, 0x00000000e6100000, 0x00000000e6100000|100%|HC|  |TAMS 0x00000000e6100000, 0x00000000e6000000| Complete 
|  97|0x00000000e6100000, 0x00000000e6200000, 0x00000000e6200000|100%|HC|  |TAMS 0x00000000e6200000, 0x00000000e6100000| Complete 
|  98|0x00000000e6200000, 0x00000000e6300000, 0x00000000e6300000|100%|HC|  |TAMS 0x00000000e6300000, 0x00000000e6200000| Complete 
|  99|0x00000000e6300000, 0x00000000e6400000, 0x00000000e6400000|100%| O|  |TAMS 0x00000000e6400000, 0x00000000e6300000| Untracked 
| 100|0x00000000e6400000, 0x00000000e6400000, 0x00000000e6500000|  0%| F|  |TAMS 0x00000000e6400000, 0x00000000e6400000| Untracked 
| 101|0x00000000e6500000, 0x00000000e6500000, 0x00000000e6600000|  0%| F|  |TAMS 0x00000000e6500000, 0x00000000e6500000| Untracked 
| 102|0x00000000e6600000, 0x00000000e6700000, 0x00000000e6700000|100%|HS|  |TAMS 0x00000000e6700000, 0x00000000e6600000| Complete 
| 103|0x00000000e6700000, 0x00000000e6800000, 0x00000000e6800000|100%|HC|  |TAMS 0x00000000e6800000, 0x00000000e6700000| Complete 
| 104|0x00000000e6800000, 0x00000000e6900000, 0x00000000e6900000|100%|HC|  |TAMS 0x00000000e6900000, 0x00000000e6800000| Complete 
| 105|0x00000000e6900000, 0x00000000e6a00000, 0x00000000e6a00000|100%|HC|  |TAMS 0x00000000e6a00000, 0x00000000e6900000| Complete 
| 106|0x00000000e6a00000, 0x00000000e6b00000, 0x00000000e6b00000|100%|HC|  |TAMS 0x00000000e6b00000, 0x00000000e6a00000| Complete 
| 107|0x00000000e6b00000, 0x00000000e6c00000, 0x00000000e6c00000|100%|HC|  |TAMS 0x00000000e6c00000, 0x00000000e6b00000| Complete 
| 108|0x00000000e6c00000, 0x00000000e6d00000, 0x00000000e6d00000|100%|HC|  |TAMS 0x00000000e6d00000, 0x00000000e6c00000| Complete 
| 109|0x00000000e6d00000, 0x00000000e6e00000, 0x00000000e6e00000|100%|HC|  |TAMS 0x00000000e6e00000, 0x00000000e6d00000| Complete 
| 110|0x00000000e6e00000, 0x00000000e6f00000, 0x00000000e6f00000|100%|HC|  |TAMS 0x00000000e6f00000, 0x00000000e6e00000| Complete 
| 111|0x00000000e6f00000, 0x00000000e7000000, 0x00000000e7000000|100%|HC|  |TAMS 0x00000000e7000000, 0x00000000e6f00000| Complete 
| 112|0x00000000e7000000, 0x00000000e7100000, 0x00000000e7100000|100%|HS|  |TAMS 0x00000000e7000000, 0x00000000e7000000| Complete 
| 113|0x00000000e7100000, 0x00000000e7200000, 0x00000000e7200000|100%|HC|  |TAMS 0x00000000e7100000, 0x00000000e7100000| Complete 
| 114|0x00000000e7200000, 0x00000000e7300000, 0x00000000e7300000|100%|HC|  |TAMS 0x00000000e7200000, 0x00000000e7200000| Complete 
| 115|0x00000000e7300000, 0x00000000e7400000, 0x00000000e7400000|100%|HC|  |TAMS 0x00000000e7300000, 0x00000000e7300000| Complete 
| 116|0x00000000e7400000, 0x00000000e7500000, 0x00000000e7500000|100%|HC|  |TAMS 0x00000000e7400000, 0x00000000e7400000| Complete 
| 117|0x00000000e7500000, 0x00000000e7600000, 0x00000000e7600000|100%|HC|  |TAMS 0x00000000e7500000, 0x00000000e7500000| Complete 
| 118|0x00000000e7600000, 0x00000000e7700000, 0x00000000e7700000|100%|HC|  |TAMS 0x00000000e7600000, 0x00000000e7600000| Complete 
| 119|0x00000000e7700000, 0x00000000e7800000, 0x00000000e7800000|100%|HC|  |TAMS 0x00000000e7700000, 0x00000000e7700000| Complete 
| 120|0x00000000e7800000, 0x00000000e7900000, 0x00000000e7900000|100%|HC|  |TAMS 0x00000000e7800000, 0x00000000e7800000| Complete 
| 121|0x00000000e7900000, 0x00000000e7a00000, 0x00000000e7a00000|100%|HC|  |TAMS 0x00000000e7900000, 0x00000000e7900000| Complete 
| 122|0x00000000e7a00000, 0x00000000e7b00000, 0x00000000e7b00000|100%|HC|  |TAMS 0x00000000e7a00000, 0x00000000e7a00000| Complete 
| 123|0x00000000e7b00000, 0x00000000e7c00000, 0x00000000e7c00000|100%|HC|  |TAMS 0x00000000e7b00000, 0x00000000e7b00000| Complete 
| 124|0x00000000e7c00000, 0x00000000e7d00000, 0x00000000e7d00000|100%|HC|  |TAMS 0x00000000e7c00000, 0x00000000e7c00000| Complete 
| 125|0x00000000e7d00000, 0x00000000e7e00000, 0x00000000e7e00000|100%|HC|  |TAMS 0x00000000e7d00000, 0x00000000e7d00000| Complete 
| 126|0x00000000e7e00000, 0x00000000e7f00000, 0x00000000e7f00000|100%|HC|  |TAMS 0x00000000e7e00000, 0x00000000e7e00000| Complete 
| 127|0x00000000e7f00000, 0x00000000e8000000, 0x00000000e8000000|100%|HC|  |TAMS 0x00000000e7f00000, 0x00000000e7f00000| Complete 
| 128|0x00000000e8000000, 0x00000000e8100000, 0x00000000e8100000|100%|HC|  |TAMS 0x00000000e8000000, 0x00000000e8000000| Complete 
| 129|0x00000000e8100000, 0x00000000e8200000, 0x00000000e8200000|100%|HC|  |TAMS 0x00000000e8100000, 0x00000000e8100000| Complete 
| 130|0x00000000e8200000, 0x00000000e8300000, 0x00000000e8300000|100%|HC|  |TAMS 0x00000000e8200000, 0x00000000e8200000| Complete 
| 131|0x00000000e8300000, 0x00000000e8400000, 0x00000000e8400000|100%|HC|  |TAMS 0x00000000e8300000, 0x00000000e8300000| Complete 
| 132|0x00000000e8400000, 0x00000000e8500000, 0x00000000e8500000|100%|HC|  |TAMS 0x00000000e8400000, 0x00000000e8400000| Complete 
| 133|0x00000000e8500000, 0x00000000e8600000, 0x00000000e8600000|100%|HC|  |TAMS 0x00000000e8500000, 0x00000000e8500000| Complete 
| 134|0x00000000e8600000, 0x00000000e8700000, 0x00000000e8700000|100%|HC|  |TAMS 0x00000000e8600000, 0x00000000e8600000| Complete 
| 135|0x00000000e8700000, 0x00000000e8800000, 0x00000000e8800000|100%|HC|  |TAMS 0x00000000e8700000, 0x00000000e8700000| Complete 
| 136|0x00000000e8800000, 0x00000000e8900000, 0x00000000e8900000|100%|HC|  |TAMS 0x00000000e8800000, 0x00000000e8800000| Complete 
| 137|0x00000000e8900000, 0x00000000e8a00000, 0x00000000e8a00000|100%|HC|  |TAMS 0x00000000e8900000, 0x00000000e8900000| Complete 
| 138|0x00000000e8a00000, 0x00000000e8b00000, 0x00000000e8b00000|100%|HC|  |TAMS 0x00000000e8a00000, 0x00000000e8a00000| Complete 
| 139|0x00000000e8b00000, 0x00000000e8b00000, 0x00000000e8c00000|  0%| F|  |TAMS 0x00000000e8b00000, 0x00000000e8b00000| Untracked 
| 140|0x00000000e8c00000, 0x00000000e8c00000, 0x00000000e8d00000|  0%| F|  |TAMS 0x00000000e8c00000, 0x00000000e8c00000| Untracked 
| 141|0x00000000e8d00000, 0x00000000e8d00000, 0x00000000e8e00000|  0%| F|  |TAMS 0x00000000e8d00000, 0x00000000e8d00000| Untracked 
| 142|0x00000000e8e00000, 0x00000000e8e00000, 0x00000000e8f00000|  0%| F|  |TAMS 0x00000000e8e00000, 0x00000000e8e00000| Untracked 
| 143|0x00000000e8f00000, 0x00000000e8f00000, 0x00000000e9000000|  0%| F|  |TAMS 0x00000000e8f00000, 0x00000000e8f00000| Untracked 
| 144|0x00000000e9000000, 0x00000000e9000000, 0x00000000e9100000|  0%| F|  |TAMS 0x00000000e9000000, 0x00000000e9000000| Untracked 
| 145|0x00000000e9100000, 0x00000000e9100000, 0x00000000e9200000|  0%| F|  |TAMS 0x00000000e9100000, 0x00000000e9100000| Untracked 
| 146|0x00000000e9200000, 0x00000000e9200000, 0x00000000e9300000|  0%| F|  |TAMS 0x00000000e9200000, 0x00000000e9200000| Untracked 
| 147|0x00000000e9300000, 0x00000000e9300000, 0x00000000e9400000|  0%| F|  |TAMS 0x00000000e9300000, 0x00000000e9300000| Untracked 
| 148|0x00000000e9400000, 0x00000000e9400000, 0x00000000e9500000|  0%| F|  |TAMS 0x00000000e9400000, 0x00000000e9400000| Untracked 
| 149|0x00000000e9500000, 0x00000000e9500000, 0x00000000e9600000|  0%| F|  |TAMS 0x00000000e9500000, 0x00000000e9500000| Untracked 
| 150|0x00000000e9600000, 0x00000000e9600000, 0x00000000e9700000|  0%| F|  |TAMS 0x00000000e9600000, 0x00000000e9600000| Untracked 
| 151|0x00000000e9700000, 0x00000000e9700000, 0x00000000e9800000|  0%| F|  |TAMS 0x00000000e9700000, 0x00000000e9700000| Untracked 
| 152|0x00000000e9800000, 0x00000000e9800000, 0x00000000e9900000|  0%| F|  |TAMS 0x00000000e9800000, 0x00000000e9800000| Untracked 
| 153|0x00000000e9900000, 0x00000000e9900000, 0x00000000e9a00000|  0%| F|  |TAMS 0x00000000e9900000, 0x00000000e9900000| Untracked 
| 154|0x00000000e9a00000, 0x00000000e9a00000, 0x00000000e9b00000|  0%| F|  |TAMS 0x00000000e9a00000, 0x00000000e9a00000| Untracked 
| 155|0x00000000e9b00000, 0x00000000e9b00000, 0x00000000e9c00000|  0%| F|  |TAMS 0x00000000e9b00000, 0x00000000e9b00000| Untracked 
| 156|0x00000000e9c00000, 0x00000000e9c00000, 0x00000000e9d00000|  0%| F|  |TAMS 0x00000000e9c00000, 0x00000000e9c00000| Untracked 
| 157|0x00000000e9d00000, 0x00000000e9d00000, 0x00000000e9e00000|  0%| F|  |TAMS 0x00000000e9d00000, 0x00000000e9d00000| Untracked 
| 158|0x00000000e9e00000, 0x00000000e9e00000, 0x00000000e9f00000|  0%| F|  |TAMS 0x00000000e9e00000, 0x00000000e9e00000| Untracked 
| 159|0x00000000e9f00000, 0x00000000e9f00000, 0x00000000ea000000|  0%| F|  |TAMS 0x00000000e9f00000, 0x00000000e9f00000| Untracked 
| 160|0x00000000ea000000, 0x00000000ea000000, 0x00000000ea100000|  0%| F|  |TAMS 0x00000000ea000000, 0x00000000ea000000| Untracked 
| 161|0x00000000ea100000, 0x00000000ea100000, 0x00000000ea200000|  0%| F|  |TAMS 0x00000000ea100000, 0x00000000ea100000| Untracked 
| 162|0x00000000ea200000, 0x00000000ea200000, 0x00000000ea300000|  0%| F|  |TAMS 0x00000000ea200000, 0x00000000ea200000| Untracked 
| 163|0x00000000ea300000, 0x00000000ea300000, 0x00000000ea400000|  0%| F|  |TAMS 0x00000000ea300000, 0x00000000ea300000| Untracked 
| 164|0x00000000ea400000, 0x00000000ea400000, 0x00000000ea500000|  0%| F|  |TAMS 0x00000000ea400000, 0x00000000ea400000| Untracked 
| 165|0x00000000ea500000, 0x00000000ea500000, 0x00000000ea600000|  0%| F|  |TAMS 0x00000000ea500000, 0x00000000ea500000| Untracked 
| 166|0x00000000ea600000, 0x00000000ea600000, 0x00000000ea700000|  0%| F|  |TAMS 0x00000000ea600000, 0x00000000ea600000| Untracked 
| 167|0x00000000ea700000, 0x00000000ea700000, 0x00000000ea800000|  0%| F|  |TAMS 0x00000000ea700000, 0x00000000ea700000| Untracked 
| 168|0x00000000ea800000, 0x00000000ea800000, 0x00000000ea900000|  0%| F|  |TAMS 0x00000000ea800000, 0x00000000ea800000| Untracked 
| 169|0x00000000ea900000, 0x00000000ea900000, 0x00000000eaa00000|  0%| F|  |TAMS 0x00000000ea900000, 0x00000000ea900000| Untracked 
| 170|0x00000000eaa00000, 0x00000000eaa00000, 0x00000000eab00000|  0%| F|  |TAMS 0x00000000eaa00000, 0x00000000eaa00000| Untracked 
| 171|0x00000000eab00000, 0x00000000eab00000, 0x00000000eac00000|  0%| F|  |TAMS 0x00000000eab00000, 0x00000000eab00000| Untracked 
| 172|0x00000000eac00000, 0x00000000eac00000, 0x00000000ead00000|  0%| F|  |TAMS 0x00000000eac00000, 0x00000000eac00000| Untracked 
| 173|0x00000000ead00000, 0x00000000ead00000, 0x00000000eae00000|  0%| F|  |TAMS 0x00000000ead00000, 0x00000000ead00000| Untracked 
| 174|0x00000000eae00000, 0x00000000eae00000, 0x00000000eaf00000|  0%| F|  |TAMS 0x00000000eae00000, 0x00000000eae00000| Untracked 
| 175|0x00000000eaf00000, 0x00000000eaf00000, 0x00000000eb000000|  0%| F|  |TAMS 0x00000000eaf00000, 0x00000000eaf00000| Untracked 
| 176|0x00000000eb000000, 0x00000000eb000000, 0x00000000eb100000|  0%| F|  |TAMS 0x00000000eb000000, 0x00000000eb000000| Untracked 
| 177|0x00000000eb100000, 0x00000000eb100000, 0x00000000eb200000|  0%| F|  |TAMS 0x00000000eb100000, 0x00000000eb100000| Untracked 
| 178|0x00000000eb200000, 0x00000000eb200000, 0x00000000eb300000|  0%| F|  |TAMS 0x00000000eb200000, 0x00000000eb200000| Untracked 
| 179|0x00000000eb300000, 0x00000000eb300000, 0x00000000eb400000|  0%| F|  |TAMS 0x00000000eb300000, 0x00000000eb300000| Untracked 
| 180|0x00000000eb400000, 0x00000000eb500000, 0x00000000eb500000|100%|HS|  |TAMS 0x00000000eb400000, 0x00000000eb400000| Complete 
| 181|0x00000000eb500000, 0x00000000eb600000, 0x00000000eb600000|100%|HC|  |TAMS 0x00000000eb500000, 0x00000000eb500000| Complete 
| 182|0x00000000eb600000, 0x00000000eb700000, 0x00000000eb700000|100%|HC|  |TAMS 0x00000000eb600000, 0x00000000eb600000| Complete 
| 183|0x00000000eb700000, 0x00000000eb800000, 0x00000000eb800000|100%|HC|  |TAMS 0x00000000eb700000, 0x00000000eb700000| Complete 
| 184|0x00000000eb800000, 0x00000000eb900000, 0x00000000eb900000|100%|HC|  |TAMS 0x00000000eb800000, 0x00000000eb800000| Complete 
| 185|0x00000000eb900000, 0x00000000eba00000, 0x00000000eba00000|100%|HC|  |TAMS 0x00000000eb900000, 0x00000000eb900000| Complete 
| 186|0x00000000eba00000, 0x00000000ebb00000, 0x00000000ebb00000|100%|HC|  |TAMS 0x00000000eba00000, 0x00000000eba00000| Complete 
| 187|0x00000000ebb00000, 0x00000000ebc00000, 0x00000000ebc00000|100%|HC|  |TAMS 0x00000000ebb00000, 0x00000000ebb00000| Complete 
| 188|0x00000000ebc00000, 0x00000000ebd00000, 0x00000000ebd00000|100%|HC|  |TAMS 0x00000000ebc00000, 0x00000000ebc00000| Complete 
| 189|0x00000000ebd00000, 0x00000000ebe00000, 0x00000000ebe00000|100%|HC|  |TAMS 0x00000000ebd00000, 0x00000000ebd00000| Complete 
| 190|0x00000000ebe00000, 0x00000000ebf00000, 0x00000000ebf00000|100%|HC|  |TAMS 0x00000000ebe00000, 0x00000000ebe00000| Complete 
| 191|0x00000000ebf00000, 0x00000000ec000000, 0x00000000ec000000|100%|HC|  |TAMS 0x00000000ebf00000, 0x00000000ebf00000| Complete 
| 192|0x00000000ec000000, 0x00000000ec100000, 0x00000000ec100000|100%|HC|  |TAMS 0x00000000ec000000, 0x00000000ec000000| Complete 
| 193|0x00000000ec100000, 0x00000000ec200000, 0x00000000ec200000|100%|HC|  |TAMS 0x00000000ec100000, 0x00000000ec100000| Complete 
| 194|0x00000000ec200000, 0x00000000ec300000, 0x00000000ec300000|100%|HC|  |TAMS 0x00000000ec200000, 0x00000000ec200000| Complete 
| 195|0x00000000ec300000, 0x00000000ec400000, 0x00000000ec400000|100%|HC|  |TAMS 0x00000000ec300000, 0x00000000ec300000| Complete 
| 196|0x00000000ec400000, 0x00000000ec500000, 0x00000000ec500000|100%|HC|  |TAMS 0x00000000ec400000, 0x00000000ec400000| Complete 
| 197|0x00000000ec500000, 0x00000000ec600000, 0x00000000ec600000|100%|HC|  |TAMS 0x00000000ec500000, 0x00000000ec500000| Complete 
| 198|0x00000000ec600000, 0x00000000ec700000, 0x00000000ec700000|100%|HC|  |TAMS 0x00000000ec600000, 0x00000000ec600000| Complete 
| 199|0x00000000ec700000, 0x00000000ec800000, 0x00000000ec800000|100%|HC|  |TAMS 0x00000000ec700000, 0x00000000ec700000| Complete 
| 200|0x00000000ec800000, 0x00000000ec900000, 0x00000000ec900000|100%|HC|  |TAMS 0x00000000ec800000, 0x00000000ec800000| Complete 
| 201|0x00000000ec900000, 0x00000000eca00000, 0x00000000eca00000|100%|HC|  |TAMS 0x00000000ec900000, 0x00000000ec900000| Complete 
| 202|0x00000000eca00000, 0x00000000ecb00000, 0x00000000ecb00000|100%|HC|  |TAMS 0x00000000eca00000, 0x00000000eca00000| Complete 
| 203|0x00000000ecb00000, 0x00000000ecc00000, 0x00000000ecc00000|100%|HC|  |TAMS 0x00000000ecb00000, 0x00000000ecb00000| Complete 
| 204|0x00000000ecc00000, 0x00000000ecd00000, 0x00000000ecd00000|100%|HC|  |TAMS 0x00000000ecc00000, 0x00000000ecc00000| Complete 
| 205|0x00000000ecd00000, 0x00000000ece00000, 0x00000000ece00000|100%|HC|  |TAMS 0x00000000ecd00000, 0x00000000ecd00000| Complete 
| 206|0x00000000ece00000, 0x00000000ecf00000, 0x00000000ecf00000|100%|HC|  |TAMS 0x00000000ece00000, 0x00000000ece00000| Complete 
| 207|0x00000000ecf00000, 0x00000000ed000000, 0x00000000ed000000|100%|HC|  |TAMS 0x00000000ecf00000, 0x00000000ecf00000| Complete 
| 208|0x00000000ed000000, 0x00000000ed100000, 0x00000000ed100000|100%|HC|  |TAMS 0x00000000ed000000, 0x00000000ed000000| Complete 
| 209|0x00000000ed100000, 0x00000000ed200000, 0x00000000ed200000|100%|HC|  |TAMS 0x00000000ed100000, 0x00000000ed100000| Complete 
| 210|0x00000000ed200000, 0x00000000ed300000, 0x00000000ed300000|100%|HC|  |TAMS 0x00000000ed200000, 0x00000000ed200000| Complete 
| 211|0x00000000ed300000, 0x00000000ed400000, 0x00000000ed400000|100%|HC|  |TAMS 0x00000000ed300000, 0x00000000ed300000| Complete 
| 212|0x00000000ed400000, 0x00000000ed500000, 0x00000000ed500000|100%|HC|  |TAMS 0x00000000ed400000, 0x00000000ed400000| Complete 
| 213|0x00000000ed500000, 0x00000000ed600000, 0x00000000ed600000|100%|HC|  |TAMS 0x00000000ed500000, 0x00000000ed500000| Complete 
| 214|0x00000000ed600000, 0x00000000ed700000, 0x00000000ed700000|100%|HC|  |TAMS 0x00000000ed600000, 0x00000000ed600000| Complete 
| 215|0x00000000ed700000, 0x00000000ed800000, 0x00000000ed800000|100%|HC|  |TAMS 0x00000000ed700000, 0x00000000ed700000| Complete 
| 216|0x00000000ed800000, 0x00000000ed900000, 0x00000000ed900000|100%|HC|  |TAMS 0x00000000ed800000, 0x00000000ed800000| Complete 
| 217|0x00000000ed900000, 0x00000000eda00000, 0x00000000eda00000|100%|HC|  |TAMS 0x00000000ed900000, 0x00000000ed900000| Complete 
| 218|0x00000000eda00000, 0x00000000edb00000, 0x00000000edb00000|100%|HC|  |TAMS 0x00000000eda00000, 0x00000000eda00000| Complete 
| 219|0x00000000edb00000, 0x00000000edc00000, 0x00000000edc00000|100%|HC|  |TAMS 0x00000000edb00000, 0x00000000edb00000| Complete 
| 220|0x00000000edc00000, 0x00000000edd00000, 0x00000000edd00000|100%|HC|  |TAMS 0x00000000edc00000, 0x00000000edc00000| Complete 
| 221|0x00000000edd00000, 0x00000000ede00000, 0x00000000ede00000|100%|HC|  |TAMS 0x00000000edd00000, 0x00000000edd00000| Complete 
| 222|0x00000000ede00000, 0x00000000edf00000, 0x00000000edf00000|100%|HC|  |TAMS 0x00000000ede00000, 0x00000000ede00000| Complete 
| 223|0x00000000edf00000, 0x00000000ee000000, 0x00000000ee000000|100%|HC|  |TAMS 0x00000000edf00000, 0x00000000edf00000| Complete 
| 224|0x00000000ee000000, 0x00000000ee100000, 0x00000000ee100000|100%|HC|  |TAMS 0x00000000ee000000, 0x00000000ee000000| Complete 
| 225|0x00000000ee100000, 0x00000000ee200000, 0x00000000ee200000|100%|HC|  |TAMS 0x00000000ee100000, 0x00000000ee100000| Complete 
| 226|0x00000000ee200000, 0x00000000ee300000, 0x00000000ee300000|100%|HC|  |TAMS 0x00000000ee200000, 0x00000000ee200000| Complete 
| 227|0x00000000ee300000, 0x00000000ee400000, 0x00000000ee400000|100%|HC|  |TAMS 0x00000000ee300000, 0x00000000ee300000| Complete 
| 228|0x00000000ee400000, 0x00000000ee500000, 0x00000000ee500000|100%|HC|  |TAMS 0x00000000ee400000, 0x00000000ee400000| Complete 
| 229|0x00000000ee500000, 0x00000000ee600000, 0x00000000ee600000|100%|HC|  |TAMS 0x00000000ee500000, 0x00000000ee500000| Complete 
| 230|0x00000000ee600000, 0x00000000ee700000, 0x00000000ee700000|100%|HC|  |TAMS 0x00000000ee600000, 0x00000000ee600000| Complete 
| 231|0x00000000ee700000, 0x00000000ee800000, 0x00000000ee800000|100%|HC|  |TAMS 0x00000000ee700000, 0x00000000ee700000| Complete 
| 232|0x00000000ee800000, 0x00000000ee900000, 0x00000000ee900000|100%|HC|  |TAMS 0x00000000ee800000, 0x00000000ee800000| Complete 
| 233|0x00000000ee900000, 0x00000000eea00000, 0x00000000eea00000|100%|HC|  |TAMS 0x00000000ee900000, 0x00000000ee900000| Complete 
| 234|0x00000000eea00000, 0x00000000eeb00000, 0x00000000eeb00000|100%|HC|  |TAMS 0x00000000eea00000, 0x00000000eea00000| Complete 
| 235|0x00000000eeb00000, 0x00000000eec00000, 0x00000000eec00000|100%|HC|  |TAMS 0x00000000eeb00000, 0x00000000eeb00000| Complete 
| 236|0x00000000eec00000, 0x00000000eed00000, 0x00000000eed00000|100%|HC|  |TAMS 0x00000000eec00000, 0x00000000eec00000| Complete 
| 237|0x00000000eed00000, 0x00000000eee00000, 0x00000000eee00000|100%|HC|  |TAMS 0x00000000eed00000, 0x00000000eed00000| Complete 
| 238|0x00000000eee00000, 0x00000000eef00000, 0x00000000eef00000|100%|HC|  |TAMS 0x00000000eee00000, 0x00000000eee00000| Complete 
| 239|0x00000000eef00000, 0x00000000ef000000, 0x00000000ef000000|100%|HC|  |TAMS 0x00000000eef00000, 0x00000000eef00000| Complete 
| 240|0x00000000ef000000, 0x00000000ef100000, 0x00000000ef100000|100%|HC|  |TAMS 0x00000000ef000000, 0x00000000ef000000| Complete 
| 241|0x00000000ef100000, 0x00000000ef200000, 0x00000000ef200000|100%|HC|  |TAMS 0x00000000ef100000, 0x00000000ef100000| Complete 
| 242|0x00000000ef200000, 0x00000000ef300000, 0x00000000ef300000|100%|HC|  |TAMS 0x00000000ef200000, 0x00000000ef200000| Complete 
| 243|0x00000000ef300000, 0x00000000ef400000, 0x00000000ef400000|100%|HC|  |TAMS 0x00000000ef300000, 0x00000000ef300000| Complete 
| 244|0x00000000ef400000, 0x00000000ef500000, 0x00000000ef500000|100%|HC|  |TAMS 0x00000000ef400000, 0x00000000ef400000| Complete 
| 245|0x00000000ef500000, 0x00000000ef600000, 0x00000000ef600000|100%|HC|  |TAMS 0x00000000ef500000, 0x00000000ef500000| Complete 
| 246|0x00000000ef600000, 0x00000000ef700000, 0x00000000ef700000|100%|HC|  |TAMS 0x00000000ef600000, 0x00000000ef600000| Complete 
| 247|0x00000000ef700000, 0x00000000ef800000, 0x00000000ef800000|100%|HC|  |TAMS 0x00000000ef700000, 0x00000000ef700000| Complete 
| 248|0x00000000ef800000, 0x00000000ef900000, 0x00000000ef900000|100%|HC|  |TAMS 0x00000000ef800000, 0x00000000ef800000| Complete 
| 249|0x00000000ef900000, 0x00000000efa00000, 0x00000000efa00000|100%|HC|  |TAMS 0x00000000ef900000, 0x00000000ef900000| Complete 
| 250|0x00000000efa00000, 0x00000000efb00000, 0x00000000efb00000|100%|HC|  |TAMS 0x00000000efa00000, 0x00000000efa00000| Complete 
| 251|0x00000000efb00000, 0x00000000efc00000, 0x00000000efc00000|100%|HC|  |TAMS 0x00000000efb00000, 0x00000000efb00000| Complete 
| 252|0x00000000efc00000, 0x00000000efd00000, 0x00000000efd00000|100%|HC|  |TAMS 0x00000000efc00000, 0x00000000efc00000| Complete 
| 253|0x00000000efd00000, 0x00000000efe00000, 0x00000000efe00000|100%|HC|  |TAMS 0x00000000efd00000, 0x00000000efd00000| Complete 
| 254|0x00000000efe00000, 0x00000000eff00000, 0x00000000eff00000|100%|HC|  |TAMS 0x00000000efe00000, 0x00000000efe00000| Complete 
| 255|0x00000000eff00000, 0x00000000f0000000, 0x00000000f0000000|100%|HC|  |TAMS 0x00000000eff00000, 0x00000000eff00000| Complete 
| 256|0x00000000f0000000, 0x00000000f0100000, 0x00000000f0100000|100%|HC|  |TAMS 0x00000000f0000000, 0x00000000f0000000| Complete 
| 257|0x00000000f0100000, 0x00000000f0200000, 0x00000000f0200000|100%|HC|  |TAMS 0x00000000f0100000, 0x00000000f0100000| Complete 
| 258|0x00000000f0200000, 0x00000000f0300000, 0x00000000f0300000|100%|HC|  |TAMS 0x00000000f0200000, 0x00000000f0200000| Complete 
| 259|0x00000000f0300000, 0x00000000f0400000, 0x00000000f0400000|100%|HC|  |TAMS 0x00000000f0300000, 0x00000000f0300000| Complete 
| 260|0x00000000f0400000, 0x00000000f0500000, 0x00000000f0500000|100%|HC|  |TAMS 0x00000000f0400000, 0x00000000f0400000| Complete 
| 261|0x00000000f0500000, 0x00000000f0600000, 0x00000000f0600000|100%|HC|  |TAMS 0x00000000f0500000, 0x00000000f0500000| Complete 
| 262|0x00000000f0600000, 0x00000000f0700000, 0x00000000f0700000|100%|HC|  |TAMS 0x00000000f0600000, 0x00000000f0600000| Complete 
| 263|0x00000000f0700000, 0x00000000f0800000, 0x00000000f0800000|100%|HC|  |TAMS 0x00000000f0700000, 0x00000000f0700000| Complete 
| 264|0x00000000f0800000, 0x00000000f0900000, 0x00000000f0900000|100%|HC|  |TAMS 0x00000000f0800000, 0x00000000f0800000| Complete 
| 265|0x00000000f0900000, 0x00000000f0a00000, 0x00000000f0a00000|100%|HC|  |TAMS 0x00000000f0900000, 0x00000000f0900000| Complete 
| 266|0x00000000f0a00000, 0x00000000f0b00000, 0x00000000f0b00000|100%|HC|  |TAMS 0x00000000f0a00000, 0x00000000f0a00000| Complete 
| 267|0x00000000f0b00000, 0x00000000f0b00000, 0x00000000f0c00000|  0%| F|  |TAMS 0x00000000f0b00000, 0x00000000f0b00000| Untracked 
| 268|0x00000000f0c00000, 0x00000000f0c00000, 0x00000000f0d00000|  0%| F|  |TAMS 0x00000000f0c00000, 0x00000000f0c00000| Untracked 
| 269|0x00000000f0d00000, 0x00000000f0d00000, 0x00000000f0e00000|  0%| F|  |TAMS 0x00000000f0d00000, 0x00000000f0d00000| Untracked 
| 270|0x00000000f0e00000, 0x00000000f0e00000, 0x00000000f0f00000|  0%| F|  |TAMS 0x00000000f0e00000, 0x00000000f0e00000| Untracked 
| 271|0x00000000f0f00000, 0x00000000f0f00000, 0x00000000f1000000|  0%| F|  |TAMS 0x00000000f0f00000, 0x00000000f0f00000| Untracked 
| 272|0x00000000f1000000, 0x00000000f1000000, 0x00000000f1100000|  0%| F|  |TAMS 0x00000000f1000000, 0x00000000f1000000| Untracked 
| 273|0x00000000f1100000, 0x00000000f1100000, 0x00000000f1200000|  0%| F|  |TAMS 0x00000000f1100000, 0x00000000f1100000| Untracked 
| 274|0x00000000f1200000, 0x00000000f1200000, 0x00000000f1300000|  0%| F|  |TAMS 0x00000000f1200000, 0x00000000f1200000| Untracked 
| 275|0x00000000f1300000, 0x00000000f1300000, 0x00000000f1400000|  0%| F|  |TAMS 0x00000000f1300000, 0x00000000f1300000| Untracked 
| 276|0x00000000f1400000, 0x00000000f1400000, 0x00000000f1500000|  0%| F|  |TAMS 0x00000000f1400000, 0x00000000f1400000| Untracked 
| 277|0x00000000f1500000, 0x00000000f1500000, 0x00000000f1600000|  0%| F|  |TAMS 0x00000000f1500000, 0x00000000f1500000| Untracked 
| 278|0x00000000f1600000, 0x00000000f1600000, 0x00000000f1700000|  0%| F|  |TAMS 0x00000000f1600000, 0x00000000f1600000| Untracked 
| 279|0x00000000f1700000, 0x00000000f1700000, 0x00000000f1800000|  0%| F|  |TAMS 0x00000000f1700000, 0x00000000f1700000| Untracked 
| 280|0x00000000f1800000, 0x00000000f1800000, 0x00000000f1900000|  0%| F|  |TAMS 0x00000000f1800000, 0x00000000f1800000| Untracked 
| 281|0x00000000f1900000, 0x00000000f1900000, 0x00000000f1a00000|  0%| F|  |TAMS 0x00000000f1900000, 0x00000000f1900000| Untracked 
| 282|0x00000000f1a00000, 0x00000000f1a00000, 0x00000000f1b00000|  0%| F|  |TAMS 0x00000000f1a00000, 0x00000000f1a00000| Untracked 
| 283|0x00000000f1b00000, 0x00000000f1b00000, 0x00000000f1c00000|  0%| F|  |TAMS 0x00000000f1b00000, 0x00000000f1b00000| Untracked 
| 284|0x00000000f1c00000, 0x00000000f1c00000, 0x00000000f1d00000|  0%| F|  |TAMS 0x00000000f1c00000, 0x00000000f1c00000| Untracked 
| 285|0x00000000f1d00000, 0x00000000f1d00000, 0x00000000f1e00000|  0%| F|  |TAMS 0x00000000f1d00000, 0x00000000f1d00000| Untracked 
| 286|0x00000000f1e00000, 0x00000000f1e00000, 0x00000000f1f00000|  0%| F|  |TAMS 0x00000000f1e00000, 0x00000000f1e00000| Untracked 
| 287|0x00000000f1f00000, 0x00000000f1f00000, 0x00000000f2000000|  0%| F|  |TAMS 0x00000000f1f00000, 0x00000000f1f00000| Untracked 
| 288|0x00000000f2000000, 0x00000000f2000000, 0x00000000f2100000|  0%| F|  |TAMS 0x00000000f2000000, 0x00000000f2000000| Untracked 
| 289|0x00000000f2100000, 0x00000000f2100000, 0x00000000f2200000|  0%| F|  |TAMS 0x00000000f2100000, 0x00000000f2100000| Untracked 
| 290|0x00000000f2200000, 0x00000000f2200000, 0x00000000f2300000|  0%| F|  |TAMS 0x00000000f2200000, 0x00000000f2200000| Untracked 
| 291|0x00000000f2300000, 0x00000000f2300000, 0x00000000f2400000|  0%| F|  |TAMS 0x00000000f2300000, 0x00000000f2300000| Untracked 
| 292|0x00000000f2400000, 0x00000000f2400000, 0x00000000f2500000|  0%| F|  |TAMS 0x00000000f2400000, 0x00000000f2400000| Untracked 
| 293|0x00000000f2500000, 0x00000000f2500000, 0x00000000f2600000|  0%| F|  |TAMS 0x00000000f2500000, 0x00000000f2500000| Untracked 
| 294|0x00000000f2600000, 0x00000000f2600000, 0x00000000f2700000|  0%| F|  |TAMS 0x00000000f2600000, 0x00000000f2600000| Untracked 
| 295|0x00000000f2700000, 0x00000000f2700000, 0x00000000f2800000|  0%| F|  |TAMS 0x00000000f2700000, 0x00000000f2700000| Untracked 
| 296|0x00000000f2800000, 0x00000000f2800000, 0x00000000f2900000|  0%| F|  |TAMS 0x00000000f2800000, 0x00000000f2800000| Untracked 
| 297|0x00000000f2900000, 0x00000000f2900000, 0x00000000f2a00000|  0%| F|  |TAMS 0x00000000f2900000, 0x00000000f2900000| Untracked 
| 298|0x00000000f2a00000, 0x00000000f2a00800, 0x00000000f2b00000|  0%| E|  |TAMS 0x00000000f2a00000, 0x00000000f2a00000| Complete 
| 299|0x00000000f2b00000, 0x00000000f2c00000, 0x00000000f2c00000|100%| E|CS|TAMS 0x00000000f2b00000, 0x00000000f2b00000| Complete 
| 300|0x00000000f2c00000, 0x00000000f2d00000, 0x00000000f2d00000|100%| E|CS|TAMS 0x00000000f2c00000, 0x00000000f2c00000| Complete 
| 301|0x00000000f2d00000, 0x00000000f2e00000, 0x00000000f2e00000|100%| E|CS|TAMS 0x00000000f2d00000, 0x00000000f2d00000| Complete 
| 302|0x00000000f2e00000, 0x00000000f2f00000, 0x00000000f2f00000|100%| E|CS|TAMS 0x00000000f2e00000, 0x00000000f2e00000| Complete 
| 303|0x00000000f2f00000, 0x00000000f3000000, 0x00000000f3000000|100%| E|CS|TAMS 0x00000000f2f00000, 0x00000000f2f00000| Complete 
| 304|0x00000000f3000000, 0x00000000f3100000, 0x00000000f3100000|100%| E|CS|TAMS 0x00000000f3000000, 0x00000000f3000000| Complete 
| 305|0x00000000f3100000, 0x00000000f3200000, 0x00000000f3200000|100%| E|CS|TAMS 0x00000000f3100000, 0x00000000f3100000| Complete 
| 306|0x00000000f3200000, 0x00000000f3300000, 0x00000000f3300000|100%| E|CS|TAMS 0x00000000f3200000, 0x00000000f3200000| Complete 
| 307|0x00000000f3300000, 0x00000000f3400000, 0x00000000f3400000|100%| E|CS|TAMS 0x00000000f3300000, 0x00000000f3300000| Complete 
| 308|0x00000000f3400000, 0x00000000f3500000, 0x00000000f3500000|100%| E|CS|TAMS 0x00000000f3400000, 0x00000000f3400000| Complete 
| 309|0x00000000f3500000, 0x00000000f3600000, 0x00000000f3600000|100%| E|CS|TAMS 0x00000000f3500000, 0x00000000f3500000| Complete 
| 310|0x00000000f3600000, 0x00000000f36d6070, 0x00000000f3700000| 83%| S|CS|TAMS 0x00000000f3600000, 0x00000000f3600000| Complete 
| 311|0x00000000f3700000, 0x00000000f3800000, 0x00000000f3800000|100%| E|CS|TAMS 0x00000000f3700000, 0x00000000f3700000| Complete 
| 312|0x00000000f3800000, 0x00000000f3900000, 0x00000000f3900000|100%| E|CS|TAMS 0x00000000f3800000, 0x00000000f3800000| Complete 
| 313|0x00000000f3900000, 0x00000000f3a00000, 0x00000000f3a00000|100%| E|CS|TAMS 0x00000000f3900000, 0x00000000f3900000| Complete 
| 314|0x00000000f3a00000, 0x00000000f3b00000, 0x00000000f3b00000|100%| E|CS|TAMS 0x00000000f3a00000, 0x00000000f3a00000| Complete 
| 315|0x00000000f3b00000, 0x00000000f3c00000, 0x00000000f3c00000|100%| E|CS|TAMS 0x00000000f3b00000, 0x00000000f3b00000| Complete 
| 316|0x00000000f3c00000, 0x00000000f3d00000, 0x00000000f3d00000|100%| E|CS|TAMS 0x00000000f3c00000, 0x00000000f3c00000| Complete 
| 317|0x00000000f3d00000, 0x00000000f3e00000, 0x00000000f3e00000|100%| E|CS|TAMS 0x00000000f3d00000, 0x00000000f3d00000| Complete 
| 318|0x00000000f3e00000, 0x00000000f3f00000, 0x00000000f3f00000|100%| E|CS|TAMS 0x00000000f3e00000, 0x00000000f3e00000| Complete 
| 319|0x00000000f3f00000, 0x00000000f4000000, 0x00000000f4000000|100%| E|CS|TAMS 0x00000000f3f00000, 0x00000000f3f00000| Complete 
| 320|0x00000000f4000000, 0x00000000f4100000, 0x00000000f4100000|100%| E|CS|TAMS 0x00000000f4000000, 0x00000000f4000000| Complete 
| 502|0x00000000ff600000, 0x00000000ff700000, 0x00000000ff700000|100%| E|CS|TAMS 0x00000000ff600000, 0x00000000ff600000| Complete 
| 503|0x00000000ff700000, 0x00000000ff800000, 0x00000000ff800000|100%| E|CS|TAMS 0x00000000ff700000, 0x00000000ff700000| Complete 
| 504|0x00000000ff800000, 0x00000000ff900000, 0x00000000ff900000|100%| E|CS|TAMS 0x00000000ff800000, 0x00000000ff800000| Complete 
| 507|0x00000000ffb00000, 0x00000000ffc00000, 0x00000000ffc00000|100%| E|CS|TAMS 0x00000000ffb00000, 0x00000000ffb00000| Complete 
| 508|0x00000000ffc00000, 0x00000000ffd00000, 0x00000000ffd00000|100%| O|  |TAMS 0x00000000ffd00000, 0x00000000ffc00000| Untracked 
| 509|0x00000000ffd00000, 0x00000000ffe00000, 0x00000000ffe00000|100%| O|  |TAMS 0x00000000ffe00000, 0x00000000ffd00000| Untracked 
| 510|0x00000000ffe00000, 0x00000000fff00000, 0x00000000fff00000|100%| O|  |TAMS 0x00000000fff00000, 0x00000000ffe00000| Untracked 
| 511|0x00000000fff00000, 0x0000000100000000, 0x0000000100000000|100%| O|  |TAMS 0x0000000100000000, 0x00000000fff00000| Untracked 

Card table byte_map: [0x00000235d3b00000,0x00000235d3c00000] _byte_map_base: 0x00000235d3400000

Marking Bits (Prev, Next): (CMBitMap*) 0x00000235c0adcb80, (CMBitMap*) 0x00000235c0adcb40
 Prev Bits: [0x00000235d4500000, 0x00000235d4d00000)
 Next Bits: [0x00000235d3d00000, 0x00000235d4500000)

Polling page: 0x00000235be780000

Metaspace:

Usage:
  Non-class:     50.29 MB used.
      Class:      5.59 MB used.
       Both:     55.89 MB used.

Virtual space:
  Non-class space:       56.00 MB reserved,      51.75 MB ( 92%) committed,  7 nodes.
      Class space:        1.00 GB reserved,       6.75 MB ( <1%) committed,  1 nodes.
             Both:        1.05 GB reserved,      58.50 MB (  5%) committed. 

Chunk freelists:
   Non-Class:  144.00 KB
       Class:  1.12 MB
        Both:  1.27 MB

MaxMetaspaceSize: unlimited
CompressedClassSpaceSize: 1.00 GB
Initial GC threshold: 21.00 MB
Current GC threshold: 97.12 MB
CDS: off
MetaspaceReclaimPolicy: balanced
 - commit_granule_bytes: 65536.
 - commit_granule_words: 8192.
 - virtual_space_node_default_size: 1048576.
 - enlarge_chunks_in_place: 1.
 - new_chunks_are_fully_committed: 0.
 - uncommit_free_chunks: 1.
 - use_allocation_guard: 0.
 - handle_deallocations: 1.


Internal statistics:

num_allocs_failed_limit: 3.
num_arena_births: 4904.
num_arena_deaths: 0.
num_vsnodes_births: 8.
num_vsnodes_deaths: 0.
num_space_committed: 935.
num_space_uncommitted: 0.
num_chunks_returned_to_freelist: 3.
num_chunks_taken_from_freelist: 6826.
num_chunk_merges: 0.
num_chunk_splits: 4608.
num_chunks_enlarged: 2691.
num_purges: 0.
num_inconsistent_stats: 0.

CodeHeap 'non-profiled nmethods': size=119168Kb used=3080Kb max_used=3535Kb free=116087Kb
 bounds [0x00000235cbaf0000, 0x00000235cbe70000, 0x00000235d2f50000]
CodeHeap 'profiled nmethods': size=119104Kb used=6990Kb max_used=9155Kb free=112113Kb
 bounds [0x00000235c3f50000, 0x00000235c4850000, 0x00000235cb3a0000]
CodeHeap 'non-nmethods': size=7488Kb used=3423Kb max_used=3445Kb free=4064Kb
 bounds [0x00000235cb3a0000, 0x00000235cb700000, 0x00000235cbaf0000]
 total_blobs=5623 nmethods=4437 adapters=1095
 compilation: enabled
              stopped_count=0, restarted_count=0
 full_count=0

Compilation events (20 events):
Event: 3.454 Thread 0x00000235d8011a40 5207   !   4       com.sun.imageio.plugins.jpeg.JPEGImageWriter::grabPixels (374 bytes)
Event: 3.461 Thread 0x00000235d8011a40 nmethod 5207 0x00000235cbbd5210 code [0x00000235cbbd5460, 0x00000235cbbd61f0]
Event: 3.461 Thread 0x00000235d8011a40 5208       4       sun.awt.image.IntegerInterleavedRaster::createChild (16 bytes)
Event: 3.466 Thread 0x00000235d8011a40 nmethod 5208 0x00000235cbd11d10 code [0x00000235cbd11f00, 0x00000235cbd12908]
Event: 3.505 Thread 0x00000235d8011a40 5209   !   4       java.util.jar.JarFile::isMultiRelease (33 bytes)
Event: 3.505 Thread 0x00000235d82cf170 5210       3       java.lang.WeakPairMap$Pair$Weak::first (5 bytes)
Event: 3.505 Thread 0x00000235d82cf170 nmethod 5210 0x00000235c40eaa10 code [0x00000235c40eaba0, 0x00000235c40ead58]
Event: 3.505 Thread 0x00000235d8011a40 nmethod 5209 0x00000235cbb63710 code [0x00000235cbb638a0, 0x00000235cbb63988]
Event: 3.505 Thread 0x00000235d8011a40 5211       4       java.util.LinkedHashMap::get (29 bytes)
Event: 3.508 Thread 0x00000235d8011a40 nmethod 5211 0x00000235cbbb0310 code [0x00000235cbbb04c0, 0x00000235cbbb0808]
Event: 3.508 Thread 0x00000235d82cf170 5213       3       java.util.HashMap::removeNode (291 bytes)
Event: 3.508 Thread 0x00000235d82d3690 5212       3       java.util.HashMap::remove (26 bytes)
Event: 3.508 Thread 0x00000235d82d3690 nmethod 5212 0x00000235c40ca610 code [0x00000235c40ca7e0, 0x00000235c40cab58]
Event: 3.509 Thread 0x00000235d82cf170 nmethod 5213 0x00000235c3fd2a10 code [0x00000235c3fd2cc0, 0x00000235c3fd40b8]
Event: 3.509 Thread 0x00000235d82d3690 5214       3       java.lang.String::split (327 bytes)
Event: 3.509 Thread 0x00000235d82cf170 5215       3       java.lang.String::split (7 bytes)
Event: 3.509 Thread 0x00000235d82cf170 nmethod 5215 0x00000235c40d5610 code [0x00000235c40d57a0, 0x00000235c40d58e8]
Event: 3.510 Thread 0x00000235d8012340 5216       3       java.time.temporal.ValueRange::isValidValue (24 bytes)
Event: 3.510 Thread 0x00000235d8012340 nmethod 5216 0x00000235c4107590 code [0x00000235c4107720, 0x00000235c41078f8]
Event: 3.510 Thread 0x00000235d82d3690 nmethod 5214 0x00000235c475bb90 code [0x00000235c475c140, 0x00000235c475f698]

GC Heap History (20 events):
Event: 1.966 GC heap before
{Heap before GC invocations=13 (full 0):
 garbage-first heap   total 137216K, used 86581K [0x00000000e0000000, 0x0000000100000000)
  region size 1024K, 6 young (6144K), 2 survivors (2048K)
 Metaspace       used 35873K, committed 36992K, reserved 1089536K
  class space    used 3581K, committed 4096K, reserved 1048576K
}
Event: 1.968 GC heap after
{Heap after GC invocations=14 (full 0):
 garbage-first heap   total 137216K, used 82196K [0x00000000e0000000, 0x0000000100000000)
  region size 1024K, 1 young (1024K), 1 survivors (1024K)
 Metaspace       used 35873K, committed 36992K, reserved 1089536K
  class space    used 3581K, committed 4096K, reserved 1048576K
}
Event: 2.153 GC heap before
{Heap before GC invocations=14 (full 0):
 garbage-first heap   total 137216K, used 105748K [0x00000000e0000000, 0x0000000100000000)
  region size 1024K, 25 young (25600K), 1 survivors (1024K)
 Metaspace       used 41435K, committed 42560K, reserved 1089536K
  class space    used 3897K, committed 4416K, reserved 1048576K
}
Event: 2.155 GC heap after
{Heap after GC invocations=15 (full 0):
 garbage-first heap   total 160768K, used 83336K [0x00000000e0000000, 0x0000000100000000)
  region size 1024K, 2 young (2048K), 2 survivors (2048K)
 Metaspace       used 41435K, committed 42560K, reserved 1089536K
  class space    used 3897K, committed 4416K, reserved 1048576K
}
Event: 2.525 GC heap before
{Heap before GC invocations=16 (full 0):
 garbage-first heap   total 160768K, used 125320K [0x00000000e0000000, 0x0000000100000000)
  region size 1024K, 42 young (43008K), 2 survivors (2048K)
 Metaspace       used 47377K, committed 49408K, reserved 1097728K
  class space    used 4649K, committed 5568K, reserved 1048576K
}
Event: 2.527 GC heap after
{Heap after GC invocations=17 (full 0):
 garbage-first heap   total 160768K, used 88160K [0x00000000e0000000, 0x0000000100000000)
  region size 1024K, 6 young (6144K), 6 survivors (6144K)
 Metaspace       used 47377K, committed 49408K, reserved 1097728K
  class space    used 4649K, committed 5568K, reserved 1048576K
}
Event: 2.535 GC heap before
{Heap before GC invocations=17 (full 0):
 garbage-first heap   total 160768K, used 89184K [0x00000000e0000000, 0x0000000100000000)
  region size 1024K, 7 young (7168K), 6 survivors (6144K)
 Metaspace       used 47446K, committed 49472K, reserved 1097728K
  class space    used 4668K, committed 5568K, reserved 1048576K
}
Event: 2.538 GC heap after
{Heap after GC invocations=18 (full 0):
 garbage-first heap   total 160768K, used 88274K [0x00000000e0000000, 0x0000000100000000)
  region size 1024K, 1 young (1024K), 1 survivors (1024K)
 Metaspace       used 47446K, committed 49472K, reserved 1097728K
  class space    used 4668K, committed 5568K, reserved 1048576K
}
Event: 2.954 GC heap before
{Heap before GC invocations=18 (full 0):
 garbage-first heap   total 160768K, used 143570K [0x00000000e0000000, 0x0000000100000000)
  region size 1024K, 39 young (39936K), 1 survivors (1024K)
 Metaspace       used 53354K, committed 56128K, reserved 1105920K
  class space    used 5439K, committed 6720K, reserved 1048576K
}
Event: 2.956 GC heap after
{Heap after GC invocations=19 (full 0):
 garbage-first heap   total 160768K, used 108977K [0x00000000e0000000, 0x0000000100000000)
  region size 1024K, 5 young (5120K), 5 survivors (5120K)
 Metaspace       used 53354K, committed 56128K, reserved 1105920K
  class space    used 5439K, committed 6720K, reserved 1048576K
}
Event: 2.979 GC heap before
{Heap before GC invocations=20 (full 0):
 garbage-first heap   total 186368K, used 112049K [0x00000000e0000000, 0x0000000100000000)
  region size 1024K, 9 young (9216K), 5 survivors (5120K)
 Metaspace       used 53367K, committed 56128K, reserved 1105920K
  class space    used 5440K, committed 6720K, reserved 1048576K
}
Event: 2.981 GC heap after
{Heap after GC invocations=21 (full 0):
 garbage-first heap   total 186368K, used 104332K [0x00000000e0000000, 0x0000000100000000)
  region size 1024K, 1 young (1024K), 1 survivors (1024K)
 Metaspace       used 53367K, committed 56128K, reserved 1105920K
  class space    used 5440K, committed 6720K, reserved 1048576K
}
Event: 3.056 GC heap before
{Heap before GC invocations=22 (full 0):
 garbage-first heap   total 194560K, used 122764K [0x00000000e0000000, 0x0000000100000000)
  region size 1024K, 10 young (10240K), 1 survivors (1024K)
 Metaspace       used 54934K, committed 57664K, reserved 1105920K
  class space    used 5585K, committed 6848K, reserved 1048576K
}
Event: 3.058 GC heap after
{Heap after GC invocations=23 (full 0):
 garbage-first heap   total 194560K, used 115262K [0x00000000e0000000, 0x0000000100000000)
  region size 1024K, 1 young (1024K), 1 survivors (1024K)
 Metaspace       used 54934K, committed 57664K, reserved 1105920K
  class space    used 5585K, committed 6848K, reserved 1048576K
}
Event: 3.172 GC heap before
{Heap before GC invocations=24 (full 0):
 garbage-first heap   total 198656K, used 126526K [0x00000000e0000000, 0x0000000100000000)
  region size 1024K, 11 young (11264K), 1 survivors (1024K)
 Metaspace       used 56947K, committed 59648K, reserved 1105920K
  class space    used 5701K, committed 6912K, reserved 1048576K
}
Event: 3.174 GC heap after
{Heap after GC invocations=25 (full 0):
 garbage-first heap   total 198656K, used 115059K [0x00000000e0000000, 0x0000000100000000)
  region size 1024K, 1 young (1024K), 1 survivors (1024K)
 Metaspace       used 56947K, committed 59648K, reserved 1105920K
  class space    used 5701K, committed 6912K, reserved 1048576K
}
Event: 3.398 GC heap before
{Heap before GC invocations=26 (full 0):
 garbage-first heap   total 336896K, used 275234K [0x00000000e0000000, 0x0000000100000000)
  region size 1024K, 46 young (47104K), 1 survivors (1024K)
 Metaspace       used 57173K, committed 59840K, reserved 1105920K
  class space    used 5718K, committed 6912K, reserved 1048576K
}
Event: 3.400 GC heap after
{Heap after GC invocations=27 (full 0):
 garbage-first heap   total 336896K, used 229508K [0x00000000e0000000, 0x0000000100000000)
  region size 1024K, 2 young (2048K), 2 survivors (2048K)
 Metaspace       used 57173K, committed 59840K, reserved 1105920K
  class space    used 5718K, committed 6912K, reserved 1048576K
}
Event: 3.426 GC heap before
{Heap before GC invocations=27 (full 0):
 garbage-first heap   total 336896K, used 242820K [0x00000000e0000000, 0x0000000100000000)
  region size 1024K, 16 young (16384K), 2 survivors (2048K)
 Metaspace       used 57173K, committed 59840K, reserved 1105920K
  class space    used 5718K, committed 6912K, reserved 1048576K
}
Event: 3.427 GC heap after
{Heap after GC invocations=28 (full 0):
 garbage-first heap   total 336896K, used 228748K [0x00000000e0000000, 0x0000000100000000)
  region size 1024K, 1 young (1024K), 1 survivors (1024K)
 Metaspace       used 57173K, committed 59840K, reserved 1105920K
  class space    used 5718K, committed 6912K, reserved 1048576K
}

Dll operation events (2 events):
Event: 0.003 Loaded shared library C:\Program Files\Android\Android Studio\jbr\bin\java.dll
Event: 0.140 Loaded shared library C:\Program Files\Android\Android Studio\jbr\bin\verify.dll

Deoptimization events (20 events):
Event: 3.337 Thread 0x00000235d9b27d50 DEOPT PACKING pc=0x00000235c426f1bb sp=0x000000f43b8fcfa0
Event: 3.337 Thread 0x00000235d9b27d50 DEOPT UNPACKING pc=0x00000235cb3f7143 sp=0x000000f43b8fc440 mode 0
Event: 3.337 Thread 0x00000235d9b27d50 DEOPT PACKING pc=0x00000235c426f1bb sp=0x000000f43b8fcfa0
Event: 3.337 Thread 0x00000235d9b27d50 DEOPT UNPACKING pc=0x00000235cb3f7143 sp=0x000000f43b8fc440 mode 0
Event: 3.337 Thread 0x00000235d9b27d50 DEOPT PACKING pc=0x00000235c426f1bb sp=0x000000f43b8fcfa0
Event: 3.337 Thread 0x00000235d9b27d50 DEOPT UNPACKING pc=0x00000235cb3f7143 sp=0x000000f43b8fc440 mode 0
Event: 3.338 Thread 0x00000235d9b27d50 DEOPT PACKING pc=0x00000235c426f1bb sp=0x000000f43b8fcfa0
Event: 3.338 Thread 0x00000235d9b27d50 DEOPT UNPACKING pc=0x00000235cb3f7143 sp=0x000000f43b8fc440 mode 0
Event: 3.338 Thread 0x00000235d9b27d50 DEOPT PACKING pc=0x00000235c426f1bb sp=0x000000f43b8fcfa0
Event: 3.338 Thread 0x00000235d9b27d50 DEOPT UNPACKING pc=0x00000235cb3f7143 sp=0x000000f43b8fc440 mode 0
Event: 3.338 Thread 0x00000235d9b27d50 DEOPT PACKING pc=0x00000235c426f1bb sp=0x000000f43b8fcfa0
Event: 3.338 Thread 0x00000235d9b27d50 DEOPT UNPACKING pc=0x00000235cb3f7143 sp=0x000000f43b8fc440 mode 0
Event: 3.338 Thread 0x00000235d9b27d50 DEOPT PACKING pc=0x00000235c426f1bb sp=0x000000f43b8fcfa0
Event: 3.338 Thread 0x00000235d9b27d50 DEOPT UNPACKING pc=0x00000235cb3f7143 sp=0x000000f43b8fc440 mode 0
Event: 3.338 Thread 0x00000235d9b27d50 DEOPT PACKING pc=0x00000235c426f1bb sp=0x000000f43b8fcfa0
Event: 3.338 Thread 0x00000235d9b27d50 DEOPT UNPACKING pc=0x00000235cb3f7143 sp=0x000000f43b8fc440 mode 0
Event: 3.339 Thread 0x00000235d9b27d50 DEOPT PACKING pc=0x00000235c426f1bb sp=0x000000f43b8fcfa0
Event: 3.339 Thread 0x00000235d9b27d50 DEOPT UNPACKING pc=0x00000235cb3f7143 sp=0x000000f43b8fc440 mode 0
Event: 3.339 Thread 0x00000235d9b27d50 DEOPT PACKING pc=0x00000235c426f1bb sp=0x000000f43b8fcfa0
Event: 3.339 Thread 0x00000235d9b27d50 DEOPT UNPACKING pc=0x00000235cb3f7143 sp=0x000000f43b8fc440 mode 0

Classes unloaded (0 events):
No events

Classes redefined (0 events):
No events

Internal exceptions (20 events):
Event: 3.145 Thread 0x00000235d9b27d50 Exception <a 'sun/nio/fs/WindowsException'{0x00000000eb747a38}> (0x00000000eb747a38) 
thrown [s\src\hotspot\share\prims\jni.cpp, line 517]
Event: 3.145 Thread 0x00000235d9b27d50 Exception <a 'sun/nio/fs/WindowsException'{0x00000000eb748800}> (0x00000000eb748800) 
thrown [s\src\hotspot\share\prims\jni.cpp, line 517]
Event: 3.145 Thread 0x00000235d9b27d50 Exception <a 'sun/nio/fs/WindowsException'{0x00000000eb748830}> (0x00000000eb748830) 
thrown [s\src\hotspot\share\prims\jni.cpp, line 517]
Event: 3.145 Thread 0x00000235d9b27d50 Exception <a 'sun/nio/fs/WindowsException'{0x00000000eb7495f8}> (0x00000000eb7495f8) 
thrown [s\src\hotspot\share\prims\jni.cpp, line 517]
Event: 3.145 Thread 0x00000235d9b27d50 Exception <a 'sun/nio/fs/WindowsException'{0x00000000eb749628}> (0x00000000eb749628) 
thrown [s\src\hotspot\share\prims\jni.cpp, line 517]
Event: 3.158 Thread 0x00000235d9b27d50 Exception <a 'java/lang/UnsatisfiedLinkError'{0x00000000eb5137c0}> (0x00000000eb5137c0) 
thrown [s\src\hotspot\share\prims\jvm.cpp, line 3383]
Event: 3.158 Thread 0x00000235d9b27d50 Exception <a 'java/lang/UnsatisfiedLinkError'{0x00000000eb5137c0}> (0x00000000eb5137c0) 
thrown [s\src\hotspot\share\prims\jni.cpp, line 517]
Event: 3.165 Thread 0x00000235d9b27d50 Exception <a 'sun/nio/fs/WindowsException'{0x00000000eb5e8a70}> (0x00000000eb5e8a70) 
thrown [s\src\hotspot\share\prims\jni.cpp, line 517]
Event: 3.165 Thread 0x00000235d9b27d50 Exception <a 'sun/nio/fs/WindowsException'{0x00000000eb5e8aa0}> (0x00000000eb5e8aa0) 
thrown [s\src\hotspot\share\prims\jni.cpp, line 517]
Event: 3.166 Thread 0x00000235d9b27d50 Exception <a 'sun/nio/fs/WindowsException'{0x00000000eb5e98a8}> (0x00000000eb5e98a8) 
thrown [s\src\hotspot\share\prims\jni.cpp, line 517]
Event: 3.166 Thread 0x00000235d9b27d50 Exception <a 'sun/nio/fs/WindowsException'{0x00000000eb5e98d8}> (0x00000000eb5e98d8) 
thrown [s\src\hotspot\share\prims\jni.cpp, line 517]
Event: 3.166 Thread 0x00000235d9b27d50 Exception <a 'sun/nio/fs/WindowsException'{0x00000000eb5ea6a0}> (0x00000000eb5ea6a0) 
thrown [s\src\hotspot\share\prims\jni.cpp, line 517]
Event: 3.166 Thread 0x00000235d9b27d50 Exception <a 'sun/nio/fs/WindowsException'{0x00000000eb5ea6d0}> (0x00000000eb5ea6d0) 
thrown [s\src\hotspot\share\prims\jni.cpp, line 517]
Event: 3.166 Thread 0x00000235d9b27d50 Exception <a 'sun/nio/fs/WindowsException'{0x00000000eb5eb498}> (0x00000000eb5eb498) 
thrown [s\src\hotspot\share\prims\jni.cpp, line 517]
Event: 3.166 Thread 0x00000235d9b27d50 Exception <a 'sun/nio/fs/WindowsException'{0x00000000eb5eb4c8}> (0x00000000eb5eb4c8) 
thrown [s\src\hotspot\share\prims\jni.cpp, line 517]
Event: 3.166 Thread 0x00000235d9b27d50 Exception <a 'sun/nio/fs/WindowsException'{0x00000000eb5ec290}> (0x00000000eb5ec290) 
thrown [s\src\hotspot\share\prims\jni.cpp, line 517]
Event: 3.167 Thread 0x00000235d9b27d50 Exception <a 'sun/nio/fs/WindowsException'{0x00000000eb5ec2c0}> (0x00000000eb5ec2c0) 
thrown [s\src\hotspot\share\prims\jni.cpp, line 517]
Event: 3.315 Thread 0x00000235d9b27d50 Implicit null exception at 0x00000235cbe38c3e to 0x00000235cbe391b8
Event: 3.508 Thread 0x00000235d9b27d50 Exception <a 'java/lang/UnsatisfiedLinkError'{0x00000000f2b122e8}> (0x00000000f2b122e8) 
thrown [s\src\hotspot\share\prims\jvm.cpp, line 3383]
Event: 3.508 Thread 0x00000235d9b27d50 Exception <a 'java/lang/UnsatisfiedLinkError'{0x00000000f2b122e8}> (0x00000000f2b122e8) 
thrown [s\src\hotspot\share\prims\jni.cpp, line 517]

VM Operations (20 events):
Event: 3.056 Executing VM operation: G1TryInitiateConcMark
Event: 3.058 Executing VM operation: G1TryInitiateConcMark done
Event: 3.059 Executing VM operation: HandshakeAllThreads
Event: 3.059 Executing VM operation: HandshakeAllThreads done
Event: 3.068 Executing VM operation: G1Concurrent
Event: 3.078 Executing VM operation: G1Concurrent done
Event: 3.082 Executing VM operation: G1Concurrent
Event: 3.082 Executing VM operation: G1Concurrent done
Event: 3.172 Executing VM operation: G1TryInitiateConcMark
Event: 3.174 Executing VM operation: G1TryInitiateConcMark done
Event: 3.184 Executing VM operation: G1Concurrent
Event: 3.250 Executing VM operation: G1Concurrent done
Event: 3.253 Executing VM operation: G1Concurrent
Event: 3.254 Executing VM operation: G1Concurrent done
Event: 3.302 Executing VM operation: HandshakeAllThreads
Event: 3.302 Executing VM operation: HandshakeAllThreads done
Event: 3.398 Executing VM operation: G1CollectForAllocation
Event: 3.400 Executing VM operation: G1CollectForAllocation done
Event: 3.425 Executing VM operation: G1CollectForAllocation
Event: 3.427 Executing VM operation: G1CollectForAllocation done

Events (20 events):
Event: 3.315 loading class com/sun/imageio/plugins/jpeg/SOSMarkerSegment$ScanComponentSpec
Event: 3.315 loading class com/sun/imageio/plugins/jpeg/SOSMarkerSegment$ScanComponentSpec done
Event: 3.315 loading class com/sun/imageio/plugins/jpeg/AdobeMarkerSegment
Event: 3.315 loading class com/sun/imageio/plugins/jpeg/AdobeMarkerSegment done
Event: 3.315 loading class com/sun/imageio/plugins/jpeg/DRIMarkerSegment
Event: 3.315 loading class com/sun/imageio/plugins/jpeg/DRIMarkerSegment done
Event: 3.508 Loading shared library C:\MinGW\bin\libgcc_s_dw2-1.dll failed, error code 193
Event: 3.700 loading class java/util/IdentityHashMap$ValueIterator
Event: 3.700 loading class java/util/IdentityHashMap$IdentityHashMapIterator
Event: 3.700 loading class java/util/IdentityHashMap$IdentityHashMapIterator done
Event: 3.700 loading class java/util/IdentityHashMap$ValueIterator done
Event: 3.700 loading class sun/awt/AppContext$PostShutdownEventRunnable
Event: 3.700 loading class sun/awt/AppContext$PostShutdownEventRunnable done
Event: 3.700 loading class sun/awt/AWTAutoShutdown$1
Event: 3.700 loading class sun/awt/AWTAutoShutdown$1 done
Event: 3.700 loading class java/awt/AWTEvent$1
Event: 3.700 loading class sun/awt/AWTAccessor$AWTEventAccessor
Event: 3.700 loading class sun/awt/AWTAccessor$AWTEventAccessor done
Event: 3.700 loading class java/awt/AWTEvent$1 done
Event: 3.700 Thread 0x00000235d9b28bc0 Thread exited: 0x00000235d9b28bc0


Dynamic libraries:
0x00007ff7faf10000 - 0x00007ff7faf1a000 	C:\Program Files\Android\Android Studio\jbr\bin\java.exe
0x00007ffce0e90000 - 0x00007ffce10a7000 	C:\WINDOWS\SYSTEM32\ntdll.dll
0x00007ffce0b50000 - 0x00007ffce0c14000 	C:\WINDOWS\System32\KERNEL32.DLL
0x00007ffcde570000 - 0x00007ffcde916000 	C:\WINDOWS\System32\KERNELBASE.dll
0x00007ffcde250000 - 0x00007ffcde361000 	C:\WINDOWS\System32\ucrtbase.dll
0x00007ffcc3760000 - 0x00007ffcc3777000 	C:\Program Files\Android\Android Studio\jbr\bin\jli.dll
0x00007ffccd220000 - 0x00007ffccd23b000 	C:\Program Files\Android\Android Studio\jbr\bin\VCRUNTIME140.dll
0x00007ffce0410000 - 0x00007ffce05be000 	C:\WINDOWS\System32\USER32.dll
0x00007ffcc08c0000 - 0x00007ffcc0b53000 	C:\WINDOWS\WinSxS\amd64_microsoft.windows.common-controls_6595b64144ccf1df_6.0.22621.2506_none_270c5ae97388e100\COMCTL32.dll
0x00007ffcde920000 - 0x00007ffcde946000 	C:\WINDOWS\System32\win32u.dll
0x00007ffce0c20000 - 0x00007ffce0cc7000 	C:\WINDOWS\System32\msvcrt.dll
0x00007ffce0cf0000 - 0x00007ffce0d19000 	C:\WINDOWS\System32\GDI32.dll
0x00007ffcdeac0000 - 0x00007ffcdebd8000 	C:\WINDOWS\System32\gdi32full.dll
0x00007ffcde3e0000 - 0x00007ffcde47a000 	C:\WINDOWS\System32\msvcp_win.dll
0x00007ffcdfe70000 - 0x00007ffcdfea1000 	C:\WINDOWS\System32\IMM32.DLL
0x00007ffcd2680000 - 0x00007ffcd268c000 	C:\Program Files\Android\Android Studio\jbr\bin\vcruntime140_1.dll
0x00007ffc89990000 - 0x00007ffc89a1d000 	C:\Program Files\Android\Android Studio\jbr\bin\msvcp140.dll
0x00007ffc22fb0000 - 0x00007ffc23c1d000 	C:\Program Files\Android\Android Studio\jbr\bin\server\jvm.dll
0x00007ffcdf340000 - 0x00007ffcdf3f3000 	C:\WINDOWS\System32\ADVAPI32.dll
0x00007ffcdfc60000 - 0x00007ffcdfd08000 	C:\WINDOWS\System32\sechost.dll
0x00007ffcde480000 - 0x00007ffcde4a8000 	C:\WINDOWS\System32\bcrypt.dll
0x00007ffce07a0000 - 0x00007ffce08b7000 	C:\WINDOWS\System32\RPCRT4.dll
0x00007ffcd0bd0000 - 0x00007ffcd0c04000 	C:\WINDOWS\SYSTEM32\WINMM.dll
0x00007ffcd7f20000 - 0x00007ffcd7f29000 	C:\WINDOWS\SYSTEM32\WSOCK32.dll
0x00007ffccf0a0000 - 0x00007ffccf0aa000 	C:\WINDOWS\SYSTEM32\VERSION.dll
0x00007ffce08d0000 - 0x00007ffce0941000 	C:\WINDOWS\System32\WS2_32.dll
0x00007ffcdd300000 - 0x00007ffcdd318000 	C:\WINDOWS\SYSTEM32\kernel.appcore.dll
0x00007ffcd5fc0000 - 0x00007ffcd5fca000 	C:\Program Files\Android\Android Studio\jbr\bin\jimage.dll
0x00007ffcdbac0000 - 0x00007ffcdbcf3000 	C:\WINDOWS\SYSTEM32\DBGHELP.DLL
0x00007ffcdec70000 - 0x00007ffcdeff9000 	C:\WINDOWS\System32\combase.dll
0x00007ffce0d20000 - 0x00007ffce0df7000 	C:\WINDOWS\System32\OLEAUT32.dll
0x00007ffcd7b80000 - 0x00007ffcd7bb2000 	C:\WINDOWS\SYSTEM32\dbgcore.DLL
0x00007ffcde1d0000 - 0x00007ffcde24a000 	C:\WINDOWS\System32\bcryptPrimitives.dll
0x00007ffcd5f90000 - 0x00007ffcd5fb5000 	C:\Program Files\Android\Android Studio\jbr\bin\java.dll
0x00007ffcd5f70000 - 0x00007ffcd5f88000 	C:\Program Files\Android\Android Studio\jbr\bin\zip.dll
0x00007ffcdf400000 - 0x00007ffcdfc5b000 	C:\WINDOWS\System32\SHELL32.dll
0x00007ffcdc0f0000 - 0x00007ffcdc9e6000 	C:\WINDOWS\SYSTEM32\windows.storage.dll
0x00007ffcdbfb0000 - 0x00007ffcdc0ee000 	C:\WINDOWS\SYSTEM32\wintypes.dll
0x00007ffce05c0000 - 0x00007ffce06b3000 	C:\WINDOWS\System32\SHCORE.dll
0x00007ffce0950000 - 0x00007ffce09ae000 	C:\WINDOWS\System32\shlwapi.dll
0x00007ffcde100000 - 0x00007ffcde126000 	C:\WINDOWS\SYSTEM32\profapi.dll
0x00007ffcd5f50000 - 0x00007ffcd5f69000 	C:\Program Files\Android\Android Studio\jbr\bin\net.dll
0x00007ffcd3760000 - 0x00007ffcd3897000 	C:\WINDOWS\SYSTEM32\WINHTTP.dll
0x00007ffcdd780000 - 0x00007ffcdd7e9000 	C:\WINDOWS\system32\mswsock.dll
0x00007ffcd5c50000 - 0x00007ffcd5c66000 	C:\Program Files\Android\Android Studio\jbr\bin\nio.dll
0x00007ffcd5ab0000 - 0x00007ffcd5ac0000 	C:\Program Files\Android\Android Studio\jbr\bin\verify.dll
0x00007ffcb9ca0000 - 0x00007ffcb9ca8000 	C:\WINDOWS\system32\wshunix.dll
0x00007ffcdd9d0000 - 0x00007ffcdd9eb000 	C:\WINDOWS\SYSTEM32\CRYPTSP.dll
0x00007ffcdd260000 - 0x00007ffcdd295000 	C:\WINDOWS\system32\rsaenh.dll
0x00007ffcdd870000 - 0x00007ffcdd89c000 	C:\WINDOWS\SYSTEM32\USERENV.dll
0x00007ffcdd9f0000 - 0x00007ffcdd9fc000 	C:\WINDOWS\SYSTEM32\CRYPTBASE.dll
0x00007ffcdccc0000 - 0x00007ffcdcced000 	C:\WINDOWS\SYSTEM32\IPHLPAPI.DLL
0x00007ffcdfec0000 - 0x00007ffcdfec9000 	C:\WINDOWS\System32\NSI.dll
0x00007ffcd7220000 - 0x00007ffcd7239000 	C:\WINDOWS\SYSTEM32\dhcpcsvc6.DLL
0x00007ffcd7200000 - 0x00007ffcd721f000 	C:\WINDOWS\SYSTEM32\dhcpcsvc.DLL
0x00007ffcdccf0000 - 0x00007ffcdcde9000 	C:\WINDOWS\SYSTEM32\DNSAPI.dll
0x00007ffc6c4e0000 - 0x00007ffc6c785000 	C:\Users\akobe\AppData\Local\Temp\conscrypt_openjdk_jni-windows-x86_6417095173231240000.dll
0x00007ffcbc040000 - 0x00007ffcbc1d8000 	C:\Program Files\Android\Android Studio\jbr\bin\awt.dll
0x00007ffcd71d0000 - 0x00007ffcd71fb000 	C:\WINDOWS\SYSTEM32\dwmapi.dll
0x00007ffcd6f50000 - 0x00007ffcd6fe7000 	C:\WINDOWS\SYSTEM32\apphelp.dll
0x00007ffcd7050000 - 0x00007ffcd70fb000 	C:\WINDOWS\system32\uxtheme.dll
0x00007ffc789d0000 - 0x00007ffc78b09000 	C:\ProgramData\A-Volute\A-Volute.Nahimic\Modules\Scheduled\x64\AudioDevProps2.dll
0x00007ffce09b0000 - 0x00007ffce0b50000 	C:\WINDOWS\System32\ole32.dll
0x00007ffcdfd10000 - 0x00007ffcdfe61000 	C:\WINDOWS\System32\MSCTF.dll
0x00007ffcd26d0000 - 0x00007ffcd26fd000 	C:\Program Files\Android\Android Studio\jbr\bin\javajpeg.dll
0x0000000064940000 - 0x0000000064955000 	C:\Users\akobe\.javacpp\cache\jetified-leptonica-1.76.0-1.4.3-windows-x86_64.jar\org\bytedeco\javacpp\windows-x86_64\libwinpthread-1.dll
0x0000000061440000 - 0x000000006145c000 	C:\Users\akobe\.javacpp\cache\jetified-leptonica-1.76.0-1.4.3-windows-x86_64.jar\org\bytedeco\javacpp\windows-x86_64\libgcc_s_seh-1.dll
0x0000000063600000 - 0x000000006362f000 	C:\Users\akobe\.javacpp\cache\jetified-leptonica-1.76.0-1.4.3-windows-x86_64.jar\org\bytedeco\javacpp\windows-x86_64\libgomp-1.dll
0x000000006fc40000 - 0x000000006fda6000 	C:\Users\akobe\.javacpp\cache\jetified-leptonica-1.76.0-1.4.3-windows-x86_64.jar\org\bytedeco\javacpp\windows-x86_64\libstdc++-6.dll
0x0000000000580000 - 0x0000000000a1d000 	C:\Users\akobe\.javacpp\cache\jetified-leptonica-1.76.0-1.4.3-windows-x86_64.jar\org\bytedeco\javacpp\windows-x86_64\liblept-5.dll
0x000000006bf40000 - 0x000000006c25d000 	C:\Users\akobe\.javacpp\cache\jetified-leptonica-1.76.0-1.4.3-windows-x86_64.jar\org\bytedeco\javacpp\windows-x86_64\jnilept.dll
0x00007ffce08c0000 - 0x00007ffce08c8000 	C:\WINDOWS\System32\PSAPI.DLL
0x0000000065280000 - 0x0000000065811000 	C:\Users\akobe\.javacpp\cache\jetified-tesseract-4.0.0-rc2-1.4.3-windows-x86_64.jar\org\bytedeco\javacpp\windows-x86_64\libtesseract-4.dll
0x0000000000a20000 - 0x0000000000abd000 	C:\Users\akobe\.javacpp\cache\jetified-tesseract-4.0.0-rc2-1.4.3-windows-x86_64.jar\org\bytedeco\javacpp\windows-x86_64\jnitesseract.dll

dbghelp: loaded successfully - version: 4.0.5 - missing functions: none
symbol engine: initialized successfully - sym options: 0x614 - pdb path: .;C:\Program Files\Android\Android Studio\jbr\bin;C:\WINDOWS\SYSTEM32;C:\WINDOWS\WinSxS\amd64_microsoft.windows.common-controls_6595b64144ccf1df_6.0.22621.2506_none_270c5ae97388e100;C:\Program Files\Android\Android Studio\jbr\bin\server;C:\Users\akobe\AppData\Local\Temp;C:\ProgramData\A-Volute\A-Volute.Nahimic\Modules\Scheduled\x64;C:\Users\akobe\.javacpp\cache\jetified-leptonica-1.76.0-1.4.3-windows-x86_64.jar\org\bytedeco\javacpp\windows-x86_64;C:\Users\akobe\.javacpp\cache\jetified-tesseract-4.0.0-rc2-1.4.3-windows-x86_64.jar\org\bytedeco\javacpp\windows-x86_64

VM Arguments:
jvm_args: -Djava.awt.headless=true -Dorg.gradle.internal.worker.tmpdir=C:\Users\akobe\dev\2023\9_mobile_observatory\android\app\build\tmp\testDebugUnitTest\work -Dorg.gradle.native=false -Xmx512m -Dfile.encoding=windows-1252 -Duser.country=AU -Duser.language=en -Duser.variant -ea 
java_command: worker.org.gradle.process.internal.worker.GradleWorkerMain 'Gradle Test Executor 6'
java_class_path (initial): C:\\Users\\akobe\\.gradle\\caches\\8.0\\workerMain\\gradle-worker.jar;C:\\Users\\akobe\\dev\\2023\\9_mobile_observatory\\android\\app\\build\\intermediates\\unit_test_config_directory\\debugUnitTest\\out;C:\\Users\\akobe\\dev\\2023\\9_mobile_observatory\\android\\app\\build\\intermediates\\javac\\debugUnitTest\\classes;C:\\Users\\akobe\\dev\\2023\\9_mobile_observatory\\android\\app\\build\\intermediates\\runtime_app_classes_jar\\debug\\classes.jar;C:\\Users\\akobe\\.gradle\\caches\\transforms-3\\c403db18cdfc104d9f8beb05b5294536\\transformed\\jetified-artoolkitplus-android-arm.jar;C:\\Users\\akobe\\.gradle\\caches\\transforms-3\\8abc4e4105a1b06c1e793a09ab35da25\\transformed\\jetified-artoolkitplus-android-arm64.jar;C:\\Users\\akobe\\.gradle\\caches\\transforms-3\\91c4172731543c06576303e3362e1eb3\\transformed\\jetified-ffmpeg-android-arm.jar;C:\\Users\\akobe\\.gradle\\caches\\transforms-3\\34a3515d0fe21b6f17f0c036669a30c0\\transformed\\jetified-ffmpeg-android-arm64.jar;C:\\Users\\akobe\\.gradle\\caches\\transforms-3\\1e9001c6742800626e5d5a4e976e4b3a\\transformed\\jetified-flandmark-android-arm.jar;C:\\Users\\akobe\\.gradle\\caches\\transforms-3\\9046e70ba16682c84e918e96de0844a4\\transformed\\jetified-flandmark-android-arm64.jar;C:\\Users\\akobe\\.gradle\\caches\\transforms-3\\4aa391c7e8373e6dec5d59c6d3d11f8d\\transformed\\jetified-leptonica-android-arm.jar;C:\\Users\\akobe\\.gradle\\caches\\transforms-3\\eaff681f7cabfdad3261eead8dc009fc\\transformed\\jetified-leptonica-android-arm64.jar;C:\\Users\\akobe\\.gradle\\caches\\transforms-3\\004cf3a924e0ed4318c835dc13064b38\\transformed\\jetified-opencv-android-arm.jar;C:\\Users\\akobe\\.gradle\\caches\\transforms-3\\0baa3515c66f22eeeb56f90e3d5085e9\\transformed\\jetified-opencv-android-arm64.jar;C:\\Users\\akobe\\.gradle\\caches\\transforms-3\\0a7e10939ed0e392a1311d67e58a5da5\\transformed\\jetified-tesseract-android-arm.jar;C:\\Users\\akobe\\.gradle\\caches\\transforms-3\\d32cd8b91f232f3b0ff7fca
Launcher Type: SUN_STANDARD

[Global flags]
     intx CICompilerCount                          = 12                                        {product} {ergonomic}
     uint ConcGCThreads                            = 4                                         {product} {ergonomic}
     uint G1ConcRefinementThreads                  = 15                                        {product} {ergonomic}
   size_t G1HeapRegionSize                         = 1048576                                   {product} {ergonomic}
    uintx GCDrainStackTargetSize                   = 64                                        {product} {ergonomic}
   size_t InitialHeapSize                          = 532676608                                 {product} {ergonomic}
   size_t MarkStackSize                            = 4194304                                   {product} {ergonomic}
   size_t MaxHeapSize                              = 536870912                                 {product} {command line}
   size_t MaxNewSize                               = 321912832                                 {product} {ergonomic}
   size_t MinHeapDeltaBytes                        = 1048576                                   {product} {ergonomic}
   size_t MinHeapSize                              = 8388608                                   {product} {ergonomic}
    uintx NonNMethodCodeHeapSize                   = 7602480                                {pd product} {ergonomic}
    uintx NonProfiledCodeHeapSize                  = 122027880                              {pd product} {ergonomic}
    uintx ProfiledCodeHeapSize                     = 122027880                              {pd product} {ergonomic}
    uintx ReservedCodeCacheSize                    = 251658240                              {pd product} {ergonomic}
     bool SegmentedCodeCache                       = true                                      {product} {ergonomic}
   size_t SoftMaxHeapSize                          = 536870912                              {manageable} {ergonomic}
     bool UseCompressedClassPointers               = true                           {product lp64_product} {ergonomic}
     bool UseCompressedOops                        = true                           {product lp64_product} {ergonomic}
     bool UseG1GC                                  = true                                      {product} {ergonomic}
     bool UseLargePagesIndividualAllocation        = false                                  {pd product} {ergonomic}

Logging:
Log output configuration:
 #0: stdout all=warning uptime,level,tags
 #1: stderr all=off uptime,level,tags

Environment Variables:
JAVA_HOME=C:\Program Files\Java\jdk-21
PATH=C:\Program Files\Common Files\Oracle\Java\javapath;C:\Program Files\NVIDIA GPU Computing Toolkit\CUDA\v10.1\bin;C:\Program Files\NVIDIA GPU Computing Toolkit\CUDA\v10.1\libnvvp;C:\Windows\system32;C:\Windows;C:\Windows\System32\Wbem;C:\Windows\System32\WindowsPowerShell\v1.0\;C:\Windows\System32\OpenSSH\;C:\Program Files (x86)\NVIDIA Corporation\PhysX\Common;C:\WINDOWS\system32;C:\WINDOWS;C:\WINDOWS\System32\Wbem;C:\WINDOWS\System32\WindowsPowerShell\v1.0\;C:\WINDOWS\System32\OpenSSH\;C:\Program Files\dotnet\;C:\ProgramData\chocolatey\bin;C:\Program Files\nodejs\;C:\Program Files\Amazon\AWSCLIV2\;C:\Program Files\7-Zip;C:\Program Files\CMake\bin;C:\Program Files\Git\cmd;C:\Program Files\Git\mingw64\bin;C:\Program Files\Git\usr\bin;C:\Program Files\PuTTY\;C:\Program Files\NVIDIA Corporation\Nsight Compute 2019.1\;C:\Users\akobe\AppData\Local\Microsoft\WindowsApps;C:\Users\akobe\.dotnet\tools;C:\Users\akobe\AppData\Roaming\npm;C:\ffmpeg-6.0-essentials_build\bin;C:\Users\akobe\AppData\Local\Pandoc\;C:\MinGW\bin;
USERNAME=akobe
OS=Windows_NT
PROCESSOR_IDENTIFIER=Intel64 Family 6 Model 154 Stepping 3, GenuineIntel
TMP=C:\Users\akobe\AppData\Local\Temp
TEMP=C:\Users\akobe\AppData\Local\Temp



---------------  S Y S T E M  ---------------

OS:
 Windows 11 , 64 bit Build 22621 (10.0.22621.3085)
OS uptime: 6 days 7:10 hours
Hyper-V role detected

CPU: total 20 (initial active 20) (10 cores per cpu, 2 threads per core) family 6 model 154 stepping 3 microcode 0x41f, cx8, cmov, fxsr, ht, mmx, 3dnowpref, sse, sse2, sse3, ssse3, sse4.1, sse4.2, popcnt, lzcnt, tsc, tscinvbit, avx, avx2, aes, erms, clmul, bmi1, bmi2, adx, sha, fma, vzeroupper, clflush, clflushopt, clwb, hv

Memory: 4k page, system-wide physical 32472M (8724M free)
TotalPageFile size 36889M (AvailPageFile size 4066M)
current process WorkingSet (physical memory assigned to process): 557M, peak: 557M
current process commit charge ("private bytes"): 643M, peak: 699M

vm_info: OpenJDK 64-Bit Server VM (17.0.6+0-b2043.56-9586694) for windows-amd64 JRE (17.0.6+0-b2043.56-9586694), built on Feb  9 2023 20:06:20 by "androidbuild" with MS VC++ 16.10 / 16.11 (VS2019)

END.
